#
# A fatal error has been detected by the Java Runtime Environment:
#
#  EXCEPTION_ACCESS_VIOLATION (0xc0000005) at pc=0x00007ffa43b61b73, pid=4932, tid=12300
#
# JRE version: OpenJDK Runtime Environment Temurin-17.0.12+7 (17.0.12+7) (build 17.0.12+7)
# Java VM: OpenJDK 64-Bit Server VM Temurin-17.0.12+7 (17.0.12+7, mixed mode, tiered, compressed oops, compressed class ptrs, parallel gc, windows-amd64)
# Problematic frame:
# V  [jvm.dll+0x221b73]
#
# No core dump will be written. Minidumps are not enabled by default on client versions of Windows
#
# If you would like to submit a bug report, please visit:
#   https://github.com/adoptium/adoptium-support/issues
#

---------------  S U M M A R Y ------------

Command Line: --add-modules=ALL-SYSTEM --add-opens=java.base/java.util=ALL-UNNAMED --add-opens=java.base/java.lang=ALL-UNNAMED --add-opens=java.base/sun.nio.fs=ALL-UNNAMED -Declipse.application=org.eclipse.jdt.ls.core.id1 -Dosgi.bundles.defaultStartLevel=4 -Declipse.product=org.eclipse.jdt.ls.core.product -Djava.import.generatesMetadataFilesAtProjectRoot=false -DDetectVMInstallationsJob.disabled=true -Dfile.encoding=utf8 -XX:+UseParallelGC -XX:GCTimeRatio=4 -XX:AdaptiveSizePolicyWeight=90 -Dsun.zip.disableMemoryMapping=true -Xmx1G -Xms100m -Xlog:disable -javaagent:c:\Users\Hamza tabani\.vscode\extensions\redhat.java-1.34.0-win32-x64\lombok\lombok-1.18.33.jar -XX:+HeapDumpOnOutOfMemoryError -XX:HeapDumpPath=c:\Users\Hamza tabani\AppData\Roaming\Code\User\workspaceStorage\bc95b6429a063d9df9e73f78fb391c89\redhat.java -Daether.dependencyCollector.impl=bf c:\Users\Hamza tabani\.vscode\extensions\redhat.java-1.34.0-win32-x64\server\plugins\org.eclipse.equinox.launcher_1.6.900.v20240613-2009.jar -configuration c:\Users\Hamza tabani\AppData\Roaming\Code\User\globalStorage\redhat.java\1.34.0\config_win -data c:\Users\Hamza tabani\AppData\Roaming\Code\User\workspaceStorage\bc95b6429a063d9df9e73f78fb391c89\redhat.java\jdt_ws --pipe=\\.\pipe\lsp-6d88de302f29074ecacfefa05648bcf9-sock

Host: Intel(R) Core(TM) i7-4790 CPU @ 3.60GHz, 8 cores, 15G,  Windows 10 , 64 bit Build 19041 (10.0.19041.4842)
Time: Thu Sep 12 02:39:23 2024 Pakistan Standard Time elapsed time: 216.550625 seconds (0d 0h 3m 36s)

---------------  T H R E A D  ---------------

Current thread (0x000001a32b9f2610):  JavaThread "C2 CompilerThread2" daemon [_thread_in_native, id=12300, stack(0x0000004893400000,0x0000004893500000)]


Current CompileTask:
C2: 216550 10396  s!   4       org.eclipse.jdt.internal.core.JavaModelManager::removeInfoAndChildren (115 bytes)

Stack: [0x0000004893400000,0x0000004893500000],  sp=0x00000048934fd7d0,  free space=1013k
Native frames: (J=compiled Java code, j=interpreted, Vv=VM code, C=native code)
V  [jvm.dll+0x221b73]
V  [jvm.dll+0x6a2bf1]
V  [jvm.dll+0x219a19]
V  [jvm.dll+0x1a58bd]
V  [jvm.dll+0x229a2d]
V  [jvm.dll+0x227bdc]
V  [jvm.dll+0x7ec1f7]
V  [jvm.dll+0x7e65dc]
V  [jvm.dll+0x67e7f7]
C  [ucrtbase.dll+0x21bb2]
C  [KERNEL32.DLL+0x17374]
C  [ntdll.dll+0x4cc91]


siginfo: EXCEPTION_ACCESS_VIOLATION (0xc0000005), reading address 0x0000000000000008


Registers:
RAX=0x000001a32e780f10, RBX=0x00000048934fda60, RCX=0x00000000c0000005, RDX=0x000001a32fc2a364
RSP=0x00000048934fd7d0, RBP=0x00000048934fd920, RSI=0x0000000000000577, RDI=0x0000000000000008
R8 =0x0000000000000002, R9 =0x0000000000000000, R10=0x00007ffa8db90000, R11=0x000001a32fc2a350
R12=0x0000000000000008, R13=0x000001a32e780ed8, R14=0x00000000000000c0, R15=0x0000000000000001
RIP=0x00007ffa43b61b73, EFLAGS=0x0000000000010246


Register to memory mapping:

RIP=0x00007ffa43b61b73 jvm.dll
RAX=0x000001a32e780f10 points into unknown readable memory: 0x0000000000000000 | 00 00 00 00 00 00 00 00
RBX=0x00000048934fda60 is pointing into the stack for thread: 0x000001a32b9f2610
RCX=0x00000000c0000005 is pointing into object: java.lang.String 
{0x00000000c0000000} - klass: 'java/lang/String'
 - string: "java/lang/Object"
RDX=0x000001a32fc2a364 points into unknown readable memory: 07 00 00 c0
RSP=0x00000048934fd7d0 is pointing into the stack for thread: 0x000001a32b9f2610
RBP=0x00000048934fd920 is pointing into the stack for thread: 0x000001a32b9f2610
RSI=0x0000000000000577 is an unknown value
RDI=0x0000000000000008 is an unknown value
R8 =0x0000000000000002 is an unknown value
R9 =0x0 is NULL
R10=0x00007ffa8db90000 VCRUNTIME140.dll
R11=0x000001a32fc2a350 points into unknown readable memory: 0x00004c0000000000 | 00 00 00 00 00 4c 00 00
R12=0x0000000000000008 is an unknown value
R13=0x000001a32e780ed8 points into unknown readable memory: 0x00007ffa442df678 | 78 f6 2d 44 fa 7f 00 00
R14=0x00000000000000c0 is an unknown value
R15=0x0000000000000001 is an unknown value


Top of Stack: (sp=0x00000048934fd7d0)
0x00000048934fd7d0:   00000048934fda60 00000048934fd920
0x00000048934fd7e0:   00000048934fe910 0000000000003ab6
0x00000048934fd7f0:   0000000000000003 00000048934fda50
0x00000048934fd800:   00000048934fdeb0 0000000000000002
0x00000048934fd810:   000001a32e8d3300 00007ffa43fe2bf1
0x00000048934fd820:   000001a300000306 00000048934fd920
0x00000048934fd830:   000001a32db25aa8 000001a30fb8e610
0x00000048934fd840:   00000048934fe910 00007ffa43b59a19
0x00000048934fd850:   000001a32e8d3300 00000048934fd950
0x00000048934fd860:   0000000000000002 0000000000000001
0x00000048934fd870:   0000000000000000 0000000000000000
0x00000048934fd880:   0000000000000000 0000000000000000
0x00000048934fd890:   0000000000000000 0000000000000000
0x00000048934fd8a0:   0000000000000000 00007ffa4426427c
0x00000048934fd8b0:   0000000000000000 0000000000000000
0x00000048934fd8c0:   0000000000000000 00007ffa4426427c
0x00000048934fd8d0:   0000000000000000 0000000000000000
0x00000048934fd8e0:   000001a32eb13ee0 000001a32ba52c60
0x00000048934fd8f0:   000001a32ba57160 000001a32ba5ac48
0x00000048934fd900:   0000000000040298 0000000000000000
0x00000048934fd910:   0000000000000000 0000000000000000
0x00000048934fd920:   00000048934fea48 0000000000001000
0x00000048934fd930:   000001a32eb46410 0000000000000eca
0x00000048934fd940:   0000000000000200 000001a32e734c40
0x00000048934fd950:   0000000000000200 00000048934fea48
0x00000048934fd960:   0000000000000000 0000000000000000
0x00000048934fd970:   0000000000000000 0000000000000000
0x00000048934fd980:   0000000000000000 0000000000000000
0x00000048934fd990:   0000000000000000 0000000000000000
0x00000048934fd9a0:   0000000000000000 0000000000000000
0x00000048934fd9b0:   0000000000000000 0000000000000000
0x00000048934fd9c0:   0000000000000000 0000000000000000 

Instructions: (pc=0x00007ffa43b61b73)
0x00007ffa43b61a73:   88 00 00 00 4c 3b 7c 24 20 0f 83 11 fe ff ff 4c
0x00007ffa43b61a83:   8b 74 24 30 4c 8b 64 24 38 48 8b 7c 24 40 48 8b
0x00007ffa43b61a93:   ac 24 80 00 00 00 48 83 c4 48 41 5f 41 5d 5e 5b
0x00007ffa43b61aa3:   c3 cc cc cc cc cc cc cc cc cc cc cc cc 40 53 56
0x00007ffa43b61ab3:   57 48 83 ec 30 8b b9 40 02 00 00 48 8b da 2b b9
0x00007ffa43b61ac3:   68 02 00 00 48 8b f1 3b 7a 08 72 0a 8b d7 48 8b
0x00007ffa43b61ad3:   cb e8 27 b5 43 00 48 8b 43 10 48 c7 04 f8 00 00
0x00007ffa43b61ae3:   00 00 48 8b 96 d0 02 00 00 48 85 d2 74 08 48 8b
0x00007ffa43b61af3:   cb e8 57 27 e8 ff 48 8b 96 d8 02 00 00 48 85 d2
0x00007ffa43b61b03:   74 08 48 8b cb e8 43 27 e8 ff 8b 53 18 33 c0 89
0x00007ffa43b61b13:   44 24 50 85 d2 0f 84 f8 00 00 00 48 89 6c 24 58
0x00007ffa43b61b23:   4c 89 64 24 60 4c 89 6c 24 68 4c 89 74 24 28 4c
0x00007ffa43b61b33:   89 7c 24 20 66 0f 1f 84 00 00 00 00 00 8b c8 48
0x00007ffa43b61b43:   8b 43 10 4c 8b 2c c8 41 8b 45 1c 85 c0 0f 84 95
0x00007ffa43b61b53:   00 00 00 45 33 f6 44 8b e0 0f 1f 40 00 49 8b 45
0x00007ffa43b61b63:   08 49 8b 3c 06 48 85 ff 74 6d 40 f6 c7 01 75 67
0x00007ffa43b61b73:   48 83 3f fe 74 61 44 8b 7f 28 41 8b f7 c1 ee 05
0x00007ffa43b61b83:   3b 73 20 72 0b 8b d6 48 8d 4b 20 e8 0d eb 5f 00
0x00007ffa43b61b93:   48 8b 43 28 41 83 e7 1f 48 8d 14 b0 41 0f b6 cf
0x00007ffa43b61ba3:   41 b8 01 00 00 00 41 d3 e0 8b 0a 8b c1 41 0b c0
0x00007ffa43b61bb3:   89 02 41 85 c8 75 20 8b 73 18 8d 46 01 89 43 18
0x00007ffa43b61bc3:   3b 73 08 72 0a 8b d6 48 8b cb e8 2e b4 43 00 48
0x00007ffa43b61bd3:   8b 43 10 48 89 3c f0 49 83 c6 08 49 83 ec 01 0f
0x00007ffa43b61be3:   85 78 ff ff ff 8b 53 18 8b 44 24 50 ff c0 89 44
0x00007ffa43b61bf3:   24 50 3b c2 0f 82 43 ff ff ff 4c 8b 7c 24 20 4c
0x00007ffa43b61c03:   8b 74 24 28 4c 8b 6c 24 68 4c 8b 64 24 60 48 8b
0x00007ffa43b61c13:   6c 24 58 48 83 c4 30 5f 5e 5b c3 cc cc 40 53 48
0x00007ffa43b61c23:   83 ec 20 48 8b 81 e0 02 00 00 48 8b d9 48 85 c0
0x00007ffa43b61c33:   75 27 e8 d6 39 00 00 48 8b d0 48 8b 48 10 48 8b
0x00007ffa43b61c43:   01 48 3b c2 74 06 83 78 38 02 74 06 48 83 c1 08
0x00007ffa43b61c53:   eb ec 48 89 83 e0 02 00 00 48 83 c4 20 5b c3 cc
0x00007ffa43b61c63:   cc cc cc cc cc cc cc cc cc cc cc cc cc 48 8b c4 


Stack slot to memory mapping:
stack at sp + 0 slots: 0x00000048934fda60 is pointing into the stack for thread: 0x000001a32b9f2610
stack at sp + 1 slots: 0x00000048934fd920 is pointing into the stack for thread: 0x000001a32b9f2610
stack at sp + 2 slots: 0x00000048934fe910 is pointing into the stack for thread: 0x000001a32b9f2610
stack at sp + 3 slots: 0x0000000000003ab6 is an unknown value
stack at sp + 4 slots: 0x0000000000000003 is an unknown value
stack at sp + 5 slots: 0x00000048934fda50 is pointing into the stack for thread: 0x000001a32b9f2610
stack at sp + 6 slots: 0x00000048934fdeb0 is pointing into the stack for thread: 0x000001a32b9f2610
stack at sp + 7 slots: 0x0000000000000002 is an unknown value


---------------  P R O C E S S  ---------------

Threads class SMR info:
_java_thread_list=0x000001a32a0abdd0, length=47, elements={
0x000001a30fb1b1e0, 0x000001a30fbdbaa0, 0x000001a30fbddbb0, 0x000001a3239b8010,
0x000001a3239bccc0, 0x000001a3239bd850, 0x000001a3239be280, 0x000001a328d15a70,
0x000001a328d1de40, 0x000001a328d4bc40, 0x000001a328e60c10, 0x000001a329d69930,
0x000001a32a415020, 0x000001a32a4e7e70, 0x000001a32a51b040, 0x000001a32aae7840,
0x000001a32a964250, 0x000001a329d7ed70, 0x000001a329d7fca0, 0x000001a329d7f790,
0x000001a329d7c4f0, 0x000001a329d7e350, 0x000001a32b3553a0, 0x000001a32b3567e0,
0x000001a32b356cf0, 0x000001a32b3558b0, 0x000001a32b357200, 0x000001a32b358130,
0x000001a32b359f90, 0x000001a32b359570, 0x000001a32b355dc0, 0x000001a32b359a80,
0x000001a32b35a4a0, 0x000001a32b357c20, 0x000001a32b358640, 0x000001a32b35a9b0,
0x000001a32b353a50, 0x000001a329d7ca00, 0x000001a32b357710, 0x000001a32b358b50,
0x000001a32b353540, 0x000001a32b3562d0, 0x000001a32c1894c0, 0x000001a32c186c40,
0x000001a32b9f6b20, 0x000001a32b9f2610, 0x000001a32c18c250
}

Java Threads: ( => current thread )
  0x000001a30fb1b1e0 JavaThread "main" [_thread_blocked, id=5516, stack(0x0000004891600000,0x0000004891700000)]
  0x000001a30fbdbaa0 JavaThread "Reference Handler" daemon [_thread_blocked, id=8344, stack(0x0000004891900000,0x0000004891a00000)]
  0x000001a30fbddbb0 JavaThread "Finalizer" daemon [_thread_blocked, id=7148, stack(0x0000004891a00000,0x0000004891b00000)]
  0x000001a3239b8010 JavaThread "Signal Dispatcher" daemon [_thread_blocked, id=5728, stack(0x0000004891b00000,0x0000004891c00000)]
  0x000001a3239bccc0 JavaThread "Attach Listener" daemon [_thread_blocked, id=13304, stack(0x0000004891c00000,0x0000004891d00000)]
  0x000001a3239bd850 JavaThread "Service Thread" daemon [_thread_blocked, id=13308, stack(0x0000004891d00000,0x0000004891e00000)]
  0x000001a3239be280 JavaThread "Monitor Deflation Thread" daemon [_thread_blocked, id=8656, stack(0x0000004891e00000,0x0000004891f00000)]
  0x000001a328d15a70 JavaThread "C2 CompilerThread0" daemon [_thread_in_native, id=12372, stack(0x0000004891f00000,0x0000004892000000)]
  0x000001a328d1de40 JavaThread "C1 CompilerThread0" daemon [_thread_blocked, id=11500, stack(0x0000004892000000,0x0000004892100000)]
  0x000001a328d4bc40 JavaThread "Sweeper thread" daemon [_thread_blocked, id=3292, stack(0x0000004892100000,0x0000004892200000)]
  0x000001a328e60c10 JavaThread "Common-Cleaner" daemon [_thread_blocked, id=744, stack(0x0000004892200000,0x0000004892300000)]
  0x000001a329d69930 JavaThread "Notification Thread" daemon [_thread_blocked, id=5784, stack(0x0000004892400000,0x0000004892500000)]
  0x000001a32a415020 JavaThread "Active Thread: Equinox Container: 4d95bbaf-556b-4330-834f-66a075421aa9" [_thread_blocked, id=2608, stack(0x0000004892d00000,0x0000004892e00000)]
  0x000001a32a4e7e70 JavaThread "Framework Event Dispatcher: Equinox Container: 4d95bbaf-556b-4330-834f-66a075421aa9" daemon [_thread_blocked, id=14104, stack(0x0000004892300000,0x0000004892400000)]
  0x000001a32a51b040 JavaThread "Start Level: Equinox Container: 4d95bbaf-556b-4330-834f-66a075421aa9" daemon [_thread_blocked, id=13700, stack(0x0000004892600000,0x0000004892700000)]
  0x000001a32aae7840 JavaThread "Bundle File Closer" daemon [_thread_blocked, id=11780, stack(0x0000004893000000,0x0000004893100000)]
  0x000001a32a964250 JavaThread "SCR Component Actor" daemon [_thread_blocked, id=2624, stack(0x0000004892f00000,0x0000004893000000)]
  0x000001a329d7ed70 JavaThread "Worker-JM" [_thread_blocked, id=12092, stack(0x0000004893200000,0x0000004893300000)]
  0x000001a329d7fca0 JavaThread "JNA Cleaner" daemon [_thread_blocked, id=2560, stack(0x0000004893300000,0x0000004893400000)]
  0x000001a329d7f790 JavaThread "Worker-0: Java indexing... " [_thread_blocked, id=14240, stack(0x0000004893100000,0x0000004893200000)]
  0x000001a329d7c4f0 JavaThread "Java indexing" daemon [_thread_in_Java, id=8160, stack(0x0000004893700000,0x0000004893800000)]
  0x000001a329d7e350 JavaThread "Thread-3" daemon [_thread_in_native, id=14092, stack(0x0000004893b00000,0x0000004893c00000)]
  0x000001a32b3553a0 JavaThread "Thread-4" daemon [_thread_in_native, id=14152, stack(0x0000004893c00000,0x0000004893d00000)]
  0x000001a32b3567e0 JavaThread "Thread-5" daemon [_thread_in_native, id=4452, stack(0x0000004893d00000,0x0000004893e00000)]
  0x000001a32b356cf0 JavaThread "Thread-6" daemon [_thread_in_native, id=13000, stack(0x0000004893e00000,0x0000004893f00000)]
  0x000001a32b3558b0 JavaThread "Thread-7" daemon [_thread_in_native, id=14064, stack(0x0000004893f00000,0x0000004894000000)]
  0x000001a32b357200 JavaThread "Thread-8" daemon [_thread_in_native, id=4648, stack(0x0000004894000000,0x0000004894100000)]
  0x000001a32b358130 JavaThread "Thread-9" daemon [_thread_in_native, id=3736, stack(0x0000004894100000,0x0000004894200000)]
  0x000001a32b359f90 JavaThread "Thread-10" daemon [_thread_in_native, id=948, stack(0x0000004894200000,0x0000004894300000)]
  0x000001a32b359570 JavaThread "Thread-11" daemon [_thread_in_native, id=11444, stack(0x0000004894300000,0x0000004894400000)]
  0x000001a32b355dc0 JavaThread "pool-2-thread-1" [_thread_blocked, id=7712, stack(0x0000004894400000,0x0000004894500000)]
  0x000001a32b359a80 JavaThread "WorkspaceEventsHandler" [_thread_blocked, id=6780, stack(0x0000004894500000,0x0000004894600000)]
  0x000001a32b35a4a0 JavaThread "pool-1-thread-1" [_thread_blocked, id=5660, stack(0x0000004894600000,0x0000004894700000)]
  0x000001a32b357c20 JavaThread "Worker-2" [_thread_blocked, id=7984, stack(0x0000004894700000,0x0000004894800000)]
  0x000001a32b358640 JavaThread "Worker-3" [_thread_blocked, id=7092, stack(0x0000004894800000,0x0000004894900000)]
  0x000001a32b35a9b0 JavaThread "Timer-0" [_thread_blocked, id=10176, stack(0x0000004893600000,0x0000004893700000)]
  0x000001a32b353a50 JavaThread "Timer-1" [_thread_blocked, id=11004, stack(0x0000004893800000,0x0000004893900000)]
  0x000001a329d7ca00 JavaThread "ForkJoinPool.commonPool-worker-1" daemon [_thread_blocked, id=7660, stack(0x0000004891400000,0x0000004891500000)]
  0x000001a32b357710 JavaThread "ForkJoinPool.commonPool-worker-2" daemon [_thread_blocked, id=14220, stack(0x0000004891500000,0x0000004891600000)]
  0x000001a32b358b50 JavaThread "ForkJoinPool.commonPool-worker-3" daemon [_thread_blocked, id=13136, stack(0x0000004893500000,0x0000004893600000)]
  0x000001a32b353540 JavaThread "Worker-4" [_thread_blocked, id=5276, stack(0x0000004893a00000,0x0000004893b00000)]
  0x000001a32b3562d0 JavaThread "ForkJoinPool.commonPool-worker-4" daemon [_thread_blocked, id=7156, stack(0x0000004894a00000,0x0000004894b00000)]
  0x000001a32c1894c0 JavaThread "ForkJoinPool.commonPool-worker-5" daemon [_thread_blocked, id=13336, stack(0x0000004894b00000,0x0000004894c00000)]
  0x000001a32c186c40 JavaThread "ForkJoinPool.commonPool-worker-6" daemon [_thread_blocked, id=4372, stack(0x0000004894c00000,0x0000004894d00000)]
  0x000001a32b9f6b20 JavaThread "C2 CompilerThread1" daemon [_thread_in_native, id=7424, stack(0x0000004891300000,0x0000004891400000)]
=>0x000001a32b9f2610 JavaThread "C2 CompilerThread2" daemon [_thread_in_native, id=12300, stack(0x0000004893400000,0x0000004893500000)]
  0x000001a32c18c250 JavaThread "ForkJoinPool.commonPool-worker-7" daemon [_thread_blocked, id=6680, stack(0x0000004893900000,0x0000004893a00000)]

Other Threads:
  0x000001a328ce0c20 VMThread "VM Thread" [stack: 0x0000004891800000,0x0000004891900000] [id=7192] _threads_hazard_ptr=0x000001a32a0abdd0
  0x000001a329d69e10 WatcherThread [stack: 0x0000004892500000,0x0000004892600000] [id=2784]
  0x000001a30fb312e0 GCTaskThread "GC Thread#0" [stack: 0x0000004891700000,0x0000004891800000] [id=2032]
  0x000001a32a299410 GCTaskThread "GC Thread#1" [stack: 0x0000004892700000,0x0000004892800000] [id=6656]
  0x000001a32a29e860 GCTaskThread "GC Thread#2" [stack: 0x0000004892800000,0x0000004892900000] [id=7796]
  0x000001a32a29eb20 GCTaskThread "GC Thread#3" [stack: 0x0000004892900000,0x0000004892a00000] [id=8776]
  0x000001a32906d020 GCTaskThread "GC Thread#4" [stack: 0x0000004892a00000,0x0000004892b00000] [id=10448]
  0x000001a32906d2e0 GCTaskThread "GC Thread#5" [stack: 0x0000004892b00000,0x0000004892c00000] [id=14088]
  0x000001a329fe93f0 GCTaskThread "GC Thread#6" [stack: 0x0000004892c00000,0x0000004892d00000] [id=13680]
  0x000001a32a564d30 GCTaskThread "GC Thread#7" [stack: 0x0000004892e00000,0x0000004892f00000] [id=5924]

Threads with active compile tasks:
C2 CompilerThread0   216643 10633  s    4       org.eclipse.jdt.internal.core.JavaModelManager::getInfo (39 bytes)
C2 CompilerThread1   216643 10380   !   4       org.eclipse.jdt.internal.core.search.indexing.BinaryIndexer::indexDocument (1157 bytes)
C2 CompilerThread2   216643 10396  s!   4       org.eclipse.jdt.internal.core.JavaModelManager::removeInfoAndChildren (115 bytes)

VM state: synchronizing (normal execution)

VM Mutex/Monitor currently owned by a thread:  ([mutex/lock_event])
[0x000001a30fb17390] Threads_lock - owner thread: 0x000001a328ce0c20
[0x000001a30fb17b70] Heap_lock - owner thread: 0x000001a32b359a80

Heap address: 0x00000000c0000000, size: 1024 MB, Compressed Oops mode: 32-bit

CDS archive(s) not mapped
Compressed class space mapped at: 0x0000000100000000-0x0000000140000000, reserved size: 1073741824
Narrow klass base: 0x0000000000000000, Narrow klass shift: 3, Narrow klass range: 0x140000000

GC Precious Log:
 CPUs: 8 total, 8 available
 Memory: 16321M
 Large Page Support: Disabled
 NUMA Support: Disabled
 Compressed Oops: Enabled (32-bit)
 Alignments: Space 512K, Generation 512K, Heap 2M
 Heap Min Capacity: 100M
 Heap Initial Capacity: 100M
 Heap Max Capacity: 1G
 Pre-touch: Disabled
 Parallel Workers: 8

Heap:
 PSYoungGen      total 54784K, used 50587K [0x00000000eab00000, 0x00000000eea80000, 0x0000000100000000)
  eden space 42496K, 100% used [0x00000000eab00000,0x00000000ed480000,0x00000000ed480000)
  from space 12288K, 65% used [0x00000000ed480000,0x00000000edc66c08,0x00000000ee080000)
  to   space 9728K, 0% used [0x00000000ee100000,0x00000000ee100000,0x00000000eea80000)
 ParOldGen       total 338432K, used 301163K [0x00000000c0000000, 0x00000000d4a80000, 0x00000000eab00000)
  object space 338432K, 88% used [0x00000000c0000000,0x00000000d261ae80,0x00000000d4a80000)
 Metaspace       used 74298K, committed 75520K, reserved 1179648K
  class space    used 8479K, committed 9024K, reserved 1048576K

Card table byte_map: [0x000001a30f4f0000,0x000001a30f700000] _byte_map_base: 0x000001a30eef0000

Marking Bits: (ParMarkBitMap*) 0x00007ffa444e58b0
 Begin Bits: [0x000001a3217c0000, 0x000001a3227c0000)
 End Bits:   [0x000001a3227c0000, 0x000001a3237c0000)

Polling page: 0x000001a30f2e0000

Metaspace:

Usage:
  Non-class:     64.28 MB used.
      Class:      8.28 MB used.
       Both:     72.56 MB used.

Virtual space:
  Non-class space:      128.00 MB reserved,      64.94 MB ( 51%) committed,  2 nodes.
      Class space:        1.00 GB reserved,       8.81 MB ( <1%) committed,  1 nodes.
             Both:        1.12 GB reserved,      73.75 MB (  6%) committed. 

Chunk freelists:
   Non-Class:  14.30 MB
       Class:  7.24 MB
        Both:  21.54 MB

MaxMetaspaceSize: unlimited
CompressedClassSpaceSize: 1.00 GB
Initial GC threshold: 21.00 MB
Current GC threshold: 117.75 MB
CDS: off
MetaspaceReclaimPolicy: balanced
 - commit_granule_bytes: 65536.
 - commit_granule_words: 8192.
 - virtual_space_node_default_size: 8388608.
 - enlarge_chunks_in_place: 1.
 - new_chunks_are_fully_committed: 0.
 - uncommit_free_chunks: 1.
 - use_allocation_guard: 0.
 - handle_deallocations: 1.


Internal statistics:

num_allocs_failed_limit: 9.
num_arena_births: 794.
num_arena_deaths: 24.
num_vsnodes_births: 3.
num_vsnodes_deaths: 0.
num_space_committed: 1180.
num_space_uncommitted: 0.
num_chunks_returned_to_freelist: 38.
num_chunks_taken_from_freelist: 3496.
num_chunk_merges: 12.
num_chunk_splits: 2272.
num_chunks_enlarged: 1508.
num_inconsistent_stats: 0.

CodeHeap 'non-profiled nmethods': size=120000Kb used=7274Kb max_used=7328Kb free=112725Kb
 bounds [0x000001a31a290000, 0x000001a31a9c0000, 0x000001a3217c0000]
CodeHeap 'profiled nmethods': size=120000Kb used=16366Kb max_used=16381Kb free=103633Kb
 bounds [0x000001a3127c0000, 0x000001a3137d0000, 0x000001a319cf0000]
CodeHeap 'non-nmethods': size=5760Kb used=1388Kb max_used=1453Kb free=4371Kb
 bounds [0x000001a319cf0000, 0x000001a319f60000, 0x000001a31a290000]
 total_blobs=9255 nmethods=8515 adapters=651
 compilation: enabled
              stopped_count=0, restarted_count=0
 full_count=0

Compilation events (20 events):
Event: 216.303 Thread 0x000001a328d1de40 10521       3       com.google.gson.internal.bind.TypeAdapters$22::write (10 bytes)
Event: 216.304 Thread 0x000001a328d1de40 nmethod 10521 0x000001a31351b190 code [0x000001a31351b3c0, 0x000001a31351bb88]
Event: 216.304 Thread 0x000001a328d1de40 10523       3       org.eclipse.jdt.internal.launching.StandardVM::getJavaVersion (123 bytes)
Event: 216.305 Thread 0x000001a328d1de40 nmethod 10523 0x000001a3136d7890 code [0x000001a3136d7c00, 0x000001a3136d9348]
Event: 216.305 Thread 0x000001a328d1de40 10526       3       org.eclipse.osgi.internal.framework.FilterImpl$Item::compare (347 bytes)
Event: 216.308 Thread 0x000001a328d1de40 nmethod 10526 0x000001a3136c4090 code [0x000001a3136c4720, 0x000001a3136c84e8]
Event: 216.308 Thread 0x000001a328d1de40 10525       3       com.google.common.base.Preconditions::checkArgument (17 bytes)
Event: 216.308 Thread 0x000001a328d1de40 nmethod 10525 0x000001a31351a990 code [0x000001a31351ab60, 0x000001a31351aeb8]
Event: 216.309 Thread 0x000001a328d1de40 10527       3       sun.nio.ch.PendingFuture::get (65 bytes)
Event: 216.310 Thread 0x000001a328d1de40 nmethod 10527 0x000001a313669010 code [0x000001a313669200, 0x000001a313669798]
Event: 216.311 Thread 0x000001a328d1de40 10528       3       org.eclipse.jdt.ls.core.internal.ProjectUtils::getProjectRealFolder (37 bytes)
Event: 216.314 Thread 0x000001a328d1de40 nmethod 10528 0x000001a312c12c10 code [0x000001a312c13060, 0x000001a312c159b8]
Event: 216.314 Thread 0x000001a328d1de40 10529       3       org.eclipse.jdt.ls.core.internal.ProjectUtils::isUnmanagedFolder (34 bytes)
Event: 216.315 Thread 0x000001a328d1de40 nmethod 10529 0x000001a3133a4f10 code [0x000001a3133a51e0, 0x000001a3133a6508]
Event: 216.315 Thread 0x000001a328d1de40 10530       3       org.eclipse.lsp4j.jsonrpc.messages.Message::<init> (11 bytes)
Event: 216.315 Thread 0x000001a328d1de40 nmethod 10530 0x000001a3136c3b10 code [0x000001a3136c3ca0, 0x000001a3136c3e38]
Event: 216.315 Thread 0x000001a328d1de40 10531       3       org.eclipse.jdt.ls.core.internal.ParentProcessWatcher$$Lambda$250/0x000000010042ad68::consume (13 bytes)
Event: 216.315 Thread 0x000001a328d1de40 nmethod 10531 0x000001a312c12490 code [0x000001a312c12640, 0x000001a312c128c8]
Event: 216.316 Thread 0x000001a328d1de40 10532       3       org.eclipse.jdt.ls.core.internal.commands.ProjectCommand$$Lambda$497/0x0000000100824458::apply (10 bytes)
Event: 216.316 Thread 0x000001a328d1de40 nmethod 10532 0x000001a313691290 code [0x000001a313691440, 0x000001a313691718]

GC Heap History (20 events):
Event: 198.544 GC heap before
{Heap before GC invocations=206 (full 10):
 PSYoungGen      total 49152K, used 49151K [0x00000000eab00000, 0x00000000eef00000, 0x0000000100000000)
  eden space 33280K, 100% used [0x00000000eab00000,0x00000000ecb80000,0x00000000ecb80000)
  from space 15872K, 99% used [0x00000000edf80000,0x00000000eeeffc38,0x00000000eef00000)
  to   space 17408K, 0% used [0x00000000ecd00000,0x00000000ecd00000,0x00000000ede00000)
 ParOldGen       total 272896K, used 265013K [0x00000000c0000000, 0x00000000d0a80000, 0x00000000eab00000)
  object space 272896K, 97% used [0x00000000c0000000,0x00000000d02cd530,0x00000000d0a80000)
 Metaspace       used 71240K, committed 72384K, reserved 1114112K
  class space    used 8188K, committed 8704K, reserved 1048576K
}
Event: 198.551 GC heap after
{Heap after GC invocations=206 (full 10):
 PSYoungGen      total 52224K, used 17390K [0x00000000eab00000, 0x00000000f0a80000, 0x0000000100000000)
  eden space 34816K, 0% used [0x00000000eab00000,0x00000000eab00000,0x00000000ecd00000)
  from space 17408K, 99% used [0x00000000ecd00000,0x00000000eddfba50,0x00000000ede00000)
  to   space 30720K, 0% used [0x00000000eec80000,0x00000000eec80000,0x00000000f0a80000)
 ParOldGen       total 275968K, used 275932K [0x00000000c0000000, 0x00000000d0d80000, 0x00000000eab00000)
  object space 275968K, 99% used [0x00000000c0000000,0x00000000d0d77008,0x00000000d0d80000)
 Metaspace       used 71240K, committed 72384K, reserved 1114112K
  class space    used 8188K, committed 8704K, reserved 1048576K
}
Event: 198.551 GC heap before
{Heap before GC invocations=207 (full 11):
 PSYoungGen      total 52224K, used 17390K [0x00000000eab00000, 0x00000000f0a80000, 0x0000000100000000)
  eden space 34816K, 0% used [0x00000000eab00000,0x00000000eab00000,0x00000000ecd00000)
  from space 17408K, 99% used [0x00000000ecd00000,0x00000000eddfba50,0x00000000ede00000)
  to   space 30720K, 0% used [0x00000000eec80000,0x00000000eec80000,0x00000000f0a80000)
 ParOldGen       total 275968K, used 275932K [0x00000000c0000000, 0x00000000d0d80000, 0x00000000eab00000)
  object space 275968K, 99% used [0x00000000c0000000,0x00000000d0d77008,0x00000000d0d80000)
 Metaspace       used 71240K, committed 72384K, reserved 1114112K
  class space    used 8188K, committed 8704K, reserved 1048576K
}
Event: 198.766 GC heap after
{Heap after GC invocations=207 (full 11):
 PSYoungGen      total 52224K, used 13925K [0x00000000eab00000, 0x00000000f0b80000, 0x0000000100000000)
  eden space 34816K, 0% used [0x00000000eab00000,0x00000000eab00000,0x00000000ecd00000)
  from space 17408K, 79% used [0x00000000ecd00000,0x00000000eda996b8,0x00000000ede00000)
  to   space 30720K, 0% used [0x00000000eed80000,0x00000000eed80000,0x00000000f0b80000)
 ParOldGen       total 338432K, used 275734K [0x00000000c0000000, 0x00000000d4a80000, 0x00000000eab00000)
  object space 338432K, 81% used [0x00000000c0000000,0x00000000d0d459c0,0x00000000d4a80000)
 Metaspace       used 71240K, committed 72384K, reserved 1114112K
  class space    used 8188K, committed 8704K, reserved 1048576K
}
Event: 201.292 GC heap before
{Heap before GC invocations=208 (full 11):
 PSYoungGen      total 52224K, used 48741K [0x00000000eab00000, 0x00000000f0b80000, 0x0000000100000000)
  eden space 34816K, 100% used [0x00000000eab00000,0x00000000ecd00000,0x00000000ecd00000)
  from space 17408K, 79% used [0x00000000ecd00000,0x00000000eda996b8,0x00000000ede00000)
  to   space 30720K, 0% used [0x00000000eed80000,0x00000000eed80000,0x00000000f0b80000)
 ParOldGen       total 338432K, used 275734K [0x00000000c0000000, 0x00000000d4a80000, 0x00000000eab00000)
  object space 338432K, 81% used [0x00000000c0000000,0x00000000d0d459c0,0x00000000d4a80000)
 Metaspace       used 72471K, committed 73664K, reserved 1179648K
  class space    used 8290K, committed 8832K, reserved 1048576K
}
Event: 201.315 GC heap after
{Heap after GC invocations=208 (full 11):
 PSYoungGen      total 45568K, used 7860K [0x00000000eab00000, 0x00000000ef580000, 0x0000000100000000)
  eden space 37376K, 0% used [0x00000000eab00000,0x00000000eab00000,0x00000000ecf80000)
  from space 8192K, 95% used [0x00000000eed80000,0x00000000ef52d1b0,0x00000000ef580000)
  to   space 15360K, 0% used [0x00000000ed780000,0x00000000ed780000,0x00000000ee680000)
 ParOldGen       total 338432K, used 283459K [0x00000000c0000000, 0x00000000d4a80000, 0x00000000eab00000)
  object space 338432K, 83% used [0x00000000c0000000,0x00000000d14d0d20,0x00000000d4a80000)
 Metaspace       used 72471K, committed 73664K, reserved 1179648K
  class space    used 8290K, committed 8832K, reserved 1048576K
}
Event: 215.715 GC heap before
{Heap before GC invocations=209 (full 11):
 PSYoungGen      total 45568K, used 45236K [0x00000000eab00000, 0x00000000ef580000, 0x0000000100000000)
  eden space 37376K, 100% used [0x00000000eab00000,0x00000000ecf80000,0x00000000ecf80000)
  from space 8192K, 95% used [0x00000000eed80000,0x00000000ef52d1b0,0x00000000ef580000)
  to   space 15360K, 0% used [0x00000000ed780000,0x00000000ed780000,0x00000000ee680000)
 ParOldGen       total 338432K, used 283459K [0x00000000c0000000, 0x00000000d4a80000, 0x00000000eab00000)
  object space 338432K, 83% used [0x00000000c0000000,0x00000000d14d0d20,0x00000000d4a80000)
 Metaspace       used 73841K, committed 75008K, reserved 1179648K
  class space    used 8467K, committed 8960K, reserved 1048576K
}
Event: 215.720 GC heap after
{Heap after GC invocations=209 (full 11):
 PSYoungGen      total 48640K, used 9152K [0x00000000eab00000, 0x00000000eee00000, 0x0000000100000000)
  eden space 39424K, 0% used [0x00000000eab00000,0x00000000eab00000,0x00000000ed180000)
  from space 9216K, 99% used [0x00000000ed780000,0x00000000ee070368,0x00000000ee080000)
  to   space 10240K, 0% used [0x00000000ee400000,0x00000000ee400000,0x00000000eee00000)
 ParOldGen       total 338432K, used 283467K [0x00000000c0000000, 0x00000000d4a80000, 0x00000000eab00000)
  object space 338432K, 83% used [0x00000000c0000000,0x00000000d14d2d20,0x00000000d4a80000)
 Metaspace       used 73841K, committed 75008K, reserved 1179648K
  class space    used 8467K, committed 8960K, reserved 1048576K
}
Event: 215.784 GC heap before
{Heap before GC invocations=210 (full 11):
 PSYoungGen      total 48640K, used 48576K [0x00000000eab00000, 0x00000000eee00000, 0x0000000100000000)
  eden space 39424K, 100% used [0x00000000eab00000,0x00000000ed180000,0x00000000ed180000)
  from space 9216K, 99% used [0x00000000ed780000,0x00000000ee070368,0x00000000ee080000)
  to   space 10240K, 0% used [0x00000000ee400000,0x00000000ee400000,0x00000000eee00000)
 ParOldGen       total 338432K, used 283467K [0x00000000c0000000, 0x00000000d4a80000, 0x00000000eab00000)
  object space 338432K, 83% used [0x00000000c0000000,0x00000000d14d2d20,0x00000000d4a80000)
 Metaspace       used 73851K, committed 75008K, reserved 1179648K
  class space    used 8467K, committed 8960K, reserved 1048576K
}
Event: 215.789 GC heap after
{Heap after GC invocations=210 (full 11):
 PSYoungGen      total 51712K, used 10237K [0x00000000eab00000, 0x00000000eee00000, 0x0000000100000000)
  eden space 41472K, 0% used [0x00000000eab00000,0x00000000eab00000,0x00000000ed380000)
  from space 10240K, 99% used [0x00000000ee400000,0x00000000eedff700,0x00000000eee00000)
  to   space 12288K, 0% used [0x00000000ed600000,0x00000000ed600000,0x00000000ee200000)
 ParOldGen       total 338432K, used 284722K [0x00000000c0000000, 0x00000000d4a80000, 0x00000000eab00000)
  object space 338432K, 84% used [0x00000000c0000000,0x00000000d160cbb8,0x00000000d4a80000)
 Metaspace       used 73851K, committed 75008K, reserved 1179648K
  class space    used 8467K, committed 8960K, reserved 1048576K
}
Event: 215.855 GC heap before
{Heap before GC invocations=211 (full 11):
 PSYoungGen      total 51712K, used 51709K [0x00000000eab00000, 0x00000000eee00000, 0x0000000100000000)
  eden space 41472K, 100% used [0x00000000eab00000,0x00000000ed380000,0x00000000ed380000)
  from space 10240K, 99% used [0x00000000ee400000,0x00000000eedff700,0x00000000eee00000)
  to   space 12288K, 0% used [0x00000000ed600000,0x00000000ed600000,0x00000000ee200000)
 ParOldGen       total 338432K, used 284722K [0x00000000c0000000, 0x00000000d4a80000, 0x00000000eab00000)
  object space 338432K, 84% used [0x00000000c0000000,0x00000000d160cbb8,0x00000000d4a80000)
 Metaspace       used 73877K, committed 75072K, reserved 1179648K
  class space    used 8469K, committed 8960K, reserved 1048576K
}
Event: 215.860 GC heap after
{Heap after GC invocations=211 (full 11):
 PSYoungGen      total 50688K, used 6640K [0x00000000eab00000, 0x00000000ee700000, 0x0000000100000000)
  eden space 44032K, 0% used [0x00000000eab00000,0x00000000eab00000,0x00000000ed600000)
  from space 6656K, 99% used [0x00000000ed600000,0x00000000edc7c290,0x00000000edc80000)
  to   space 8704K, 0% used [0x00000000ede80000,0x00000000ede80000,0x00000000ee700000)
 ParOldGen       total 338432K, used 291353K [0x00000000c0000000, 0x00000000d4a80000, 0x00000000eab00000)
  object space 338432K, 86% used [0x00000000c0000000,0x00000000d1c867c8,0x00000000d4a80000)
 Metaspace       used 73877K, committed 75072K, reserved 1179648K
  class space    used 8469K, committed 8960K, reserved 1048576K
}
Event: 215.929 GC heap before
{Heap before GC invocations=212 (full 11):
 PSYoungGen      total 50688K, used 50672K [0x00000000eab00000, 0x00000000ee700000, 0x0000000100000000)
  eden space 44032K, 100% used [0x00000000eab00000,0x00000000ed600000,0x00000000ed600000)
  from space 6656K, 99% used [0x00000000ed600000,0x00000000edc7c290,0x00000000edc80000)
  to   space 8704K, 0% used [0x00000000ede80000,0x00000000ede80000,0x00000000ee700000)
 ParOldGen       total 338432K, used 291353K [0x00000000c0000000, 0x00000000d4a80000, 0x00000000eab00000)
  object space 338432K, 86% used [0x00000000c0000000,0x00000000d1c867c8,0x00000000d4a80000)
 Metaspace       used 73917K, committed 75072K, reserved 1179648K
  class space    used 8469K, committed 8960K, reserved 1048576K
}
Event: 215.933 GC heap after
{Heap after GC invocations=212 (full 11):
 PSYoungGen      total 51712K, used 8689K [0x00000000eab00000, 0x00000000eeb80000, 0x0000000100000000)
  eden space 43008K, 0% used [0x00000000eab00000,0x00000000eab00000,0x00000000ed500000)
  from space 8704K, 99% used [0x00000000ede80000,0x00000000ee6fc738,0x00000000ee700000)
  to   space 9728K, 0% used [0x00000000ed500000,0x00000000ed500000,0x00000000ede80000)
 ParOldGen       total 338432K, used 291825K [0x00000000c0000000, 0x00000000d4a80000, 0x00000000eab00000)
  object space 338432K, 86% used [0x00000000c0000000,0x00000000d1cfc7c8,0x00000000d4a80000)
 Metaspace       used 73917K, committed 75072K, reserved 1179648K
  class space    used 8469K, committed 8960K, reserved 1048576K
}
Event: 215.991 GC heap before
{Heap before GC invocations=213 (full 11):
 PSYoungGen      total 51712K, used 51697K [0x00000000eab00000, 0x00000000eeb80000, 0x0000000100000000)
  eden space 43008K, 100% used [0x00000000eab00000,0x00000000ed500000,0x00000000ed500000)
  from space 8704K, 99% used [0x00000000ede80000,0x00000000ee6fc738,0x00000000ee700000)
  to   space 9728K, 0% used [0x00000000ed500000,0x00000000ed500000,0x00000000ede80000)
 ParOldGen       total 338432K, used 291825K [0x00000000c0000000, 0x00000000d4a80000, 0x00000000eab00000)
  object space 338432K, 86% used [0x00000000c0000000,0x00000000d1cfc7c8,0x00000000d4a80000)
 Metaspace       used 73934K, committed 75072K, reserved 1179648K
  class space    used 8469K, committed 8960K, reserved 1048576K
}
Event: 215.997 GC heap after
{Heap after GC invocations=213 (full 11):
 PSYoungGen      total 52736K, used 8816K [0x00000000eab00000, 0x00000000ee980000, 0x0000000100000000)
  eden space 43008K, 0% used [0x00000000eab00000,0x00000000eab00000,0x00000000ed500000)
  from space 9728K, 90% used [0x00000000ed500000,0x00000000edd9c008,0x00000000ede80000)
  to   space 9216K, 0% used [0x00000000ee080000,0x00000000ee080000,0x00000000ee980000)
 ParOldGen       total 338432K, used 294979K [0x00000000c0000000, 0x00000000d4a80000, 0x00000000eab00000)
  object space 338432K, 87% used [0x00000000c0000000,0x00000000d2010e78,0x00000000d4a80000)
 Metaspace       used 73934K, committed 75072K, reserved 1179648K
  class space    used 8469K, committed 8960K, reserved 1048576K
}
Event: 216.055 GC heap before
{Heap before GC invocations=214 (full 11):
 PSYoungGen      total 52736K, used 51824K [0x00000000eab00000, 0x00000000ee980000, 0x0000000100000000)
  eden space 43008K, 100% used [0x00000000eab00000,0x00000000ed500000,0x00000000ed500000)
  from space 9728K, 90% used [0x00000000ed500000,0x00000000edd9c008,0x00000000ede80000)
  to   space 9216K, 0% used [0x00000000ee080000,0x00000000ee080000,0x00000000ee980000)
 ParOldGen       total 338432K, used 294979K [0x00000000c0000000, 0x00000000d4a80000, 0x00000000eab00000)
  object space 338432K, 87% used [0x00000000c0000000,0x00000000d2010e78,0x00000000d4a80000)
 Metaspace       used 73936K, committed 75072K, reserved 1179648K
  class space    used 8469K, committed 8960K, reserved 1048576K
}
Event: 216.064 GC heap after
{Heap after GC invocations=214 (full 11):
 PSYoungGen      total 51712K, used 9190K [0x00000000eab00000, 0x00000000ef000000, 0x0000000100000000)
  eden space 42496K, 0% used [0x00000000eab00000,0x00000000eab00000,0x00000000ed480000)
  from space 9216K, 99% used [0x00000000ee080000,0x00000000ee979818,0x00000000ee980000)
  to   space 12288K, 0% used [0x00000000ed480000,0x00000000ed480000,0x00000000ee080000)
 ParOldGen       total 338432K, used 297203K [0x00000000c0000000, 0x00000000d4a80000, 0x00000000eab00000)
  object space 338432K, 87% used [0x00000000c0000000,0x00000000d223ce78,0x00000000d4a80000)
 Metaspace       used 73936K, committed 75072K, reserved 1179648K
  class space    used 8469K, committed 8960K, reserved 1048576K
}
Event: 216.141 GC heap before
{Heap before GC invocations=215 (full 11):
 PSYoungGen      total 51712K, used 50944K [0x00000000eab00000, 0x00000000ef000000, 0x0000000100000000)
  eden space 42496K, 98% used [0x00000000eab00000,0x00000000ed3c6a28,0x00000000ed480000)
  from space 9216K, 99% used [0x00000000ee080000,0x00000000ee979818,0x00000000ee980000)
  to   space 12288K, 0% used [0x00000000ed480000,0x00000000ed480000,0x00000000ee080000)
 ParOldGen       total 338432K, used 297203K [0x00000000c0000000, 0x00000000d4a80000, 0x00000000eab00000)
  object space 338432K, 87% used [0x00000000c0000000,0x00000000d223ce78,0x00000000d4a80000)
 Metaspace       used 73984K, committed 75136K, reserved 1179648K
  class space    used 8469K, committed 8960K, reserved 1048576K
}
Event: 216.148 GC heap after
{Heap after GC invocations=215 (full 11):
 PSYoungGen      total 54784K, used 8091K [0x00000000eab00000, 0x00000000eea80000, 0x0000000100000000)
  eden space 42496K, 0% used [0x00000000eab00000,0x00000000eab00000,0x00000000ed480000)
  from space 12288K, 65% used [0x00000000ed480000,0x00000000edc66c08,0x00000000ee080000)
  to   space 9728K, 0% used [0x00000000ee100000,0x00000000ee100000,0x00000000eea80000)
 ParOldGen       total 338432K, used 301163K [0x00000000c0000000, 0x00000000d4a80000, 0x00000000eab00000)
  object space 338432K, 88% used [0x00000000c0000000,0x00000000d261ae80,0x00000000d4a80000)
 Metaspace       used 73984K, committed 75136K, reserved 1179648K
  class space    used 8469K, committed 8960K, reserved 1048576K
}

Dll operation events (15 events):
Event: 0.029 Loaded shared library c:\Users\Hamza tabani\.vscode\extensions\redhat.java-1.34.0-win32-x64\jre\17.0.12-win32-x86_64\bin\java.dll
Event: 0.140 Loaded shared library c:\Users\Hamza tabani\.vscode\extensions\redhat.java-1.34.0-win32-x64\jre\17.0.12-win32-x86_64\bin\zip.dll
Event: 0.144 Loaded shared library C:\Users\Hamza tabani\.vscode\extensions\redhat.java-1.34.0-win32-x64\jre\17.0.12-win32-x86_64\bin\instrument.dll
Event: 0.158 Loaded shared library C:\Users\Hamza tabani\.vscode\extensions\redhat.java-1.34.0-win32-x64\jre\17.0.12-win32-x86_64\bin\net.dll
Event: 0.160 Loaded shared library C:\Users\Hamza tabani\.vscode\extensions\redhat.java-1.34.0-win32-x64\jre\17.0.12-win32-x86_64\bin\nio.dll
Event: 0.167 Loaded shared library C:\Users\Hamza tabani\.vscode\extensions\redhat.java-1.34.0-win32-x64\jre\17.0.12-win32-x86_64\bin\zip.dll
Event: 0.188 Loaded shared library C:\Users\Hamza tabani\.vscode\extensions\redhat.java-1.34.0-win32-x64\jre\17.0.12-win32-x86_64\bin\jimage.dll
Event: 0.268 Loaded shared library c:\Users\Hamza tabani\.vscode\extensions\redhat.java-1.34.0-win32-x64\jre\17.0.12-win32-x86_64\bin\verify.dll
Event: 3.643 Loaded shared library C:\Users\Hamza tabani\AppData\Roaming\Code\User\globalStorage\redhat.java\1.34.0\config_win\org.eclipse.equinox.launcher\org.eclipse.equinox.launcher.win32.win32.x86_64_1.2.1100.v20240722-2106\eclipse_11904.dll
Event: 8.347 Loaded shared library C:\Users\Hamza tabani\AppData\Local\Temp\jna-84987212\jna2622343619196734815.dll
Event: 13.804 Loaded shared library C:\Users\Hamza tabani\.vscode\extensions\redhat.java-1.34.0-win32-x64\jre\17.0.12-win32-x86_64\bin\management.dll
Event: 13.808 Loaded shared library C:\Users\Hamza tabani\.vscode\extensions\redhat.java-1.34.0-win32-x64\jre\17.0.12-win32-x86_64\bin\management_ext.dll
Event: 15.517 Loaded shared library C:\Users\Hamza tabani\.vscode\extensions\redhat.java-1.34.0-win32-x64\jre\17.0.12-win32-x86_64\bin\sunmscapi.dll
Event: 15.630 Loaded shared library C:\Users\Hamza tabani\.vscode\extensions\redhat.java-1.34.0-win32-x64\jre\17.0.12-win32-x86_64\bin\extnet.dll
Event: 38.277 Loaded shared library C:\Users\Hamza tabani\.gradle\native\68d5fa5c4cc2d200863cafc0d521ce42e7d3e7ee720ec0a83991735586a16f82\windows-amd64\native-platform.dll

Deoptimization events (20 events):
Event: 216.235 Thread 0x000001a32b357710 Uncommon trap: trap_request=0xffffffde fr.pc=0x000001a31a8b2f6c relative=0x00000000000004ac
Event: 216.235 Thread 0x000001a32b357710 Uncommon trap: reason=class_check action=maybe_recompile pc=0x000001a31a8b2f6c method=org.eclipse.core.internal.resources.Resource.equals(Ljava/lang/Object;)Z @ 17 c2
Event: 216.235 Thread 0x000001a32b357710 DEOPT PACKING pc=0x000001a31a8b2f6c sp=0x00000048915fe320
Event: 216.235 Thread 0x000001a32b357710 DEOPT UNPACKING pc=0x000001a319d466a3 sp=0x00000048915fe2d8 mode 2
Event: 216.237 Thread 0x000001a32b359a80 DEOPT PACKING pc=0x000001a31362fa1c sp=0x00000048945ff160
Event: 216.237 Thread 0x000001a32b359a80 DEOPT UNPACKING pc=0x000001a319d46e43 sp=0x00000048945fe680 mode 0
Event: 216.239 Thread 0x000001a32b359a80 Uncommon trap: trap_request=0xffffffc6 fr.pc=0x000001a31a400c00 relative=0x00000000000001e0
Event: 216.239 Thread 0x000001a32b359a80 Uncommon trap: reason=bimorphic_or_optimized_type_check action=maybe_recompile pc=0x000001a31a400c00 method=java.util.Collections.eq(Ljava/lang/Object;Ljava/lang/Object;)Z @ 18 c2
Event: 216.239 Thread 0x000001a32b359a80 DEOPT PACKING pc=0x000001a31a400c00 sp=0x00000048945fe750
Event: 216.239 Thread 0x000001a32b359a80 DEOPT UNPACKING pc=0x000001a319d466a3 sp=0x00000048945fe690 mode 2
Event: 216.239 Thread 0x000001a32b359a80 Uncommon trap: trap_request=0xffffffc6 fr.pc=0x000001a31a400c00 relative=0x00000000000001e0
Event: 216.239 Thread 0x000001a32b359a80 Uncommon trap: reason=bimorphic_or_optimized_type_check action=maybe_recompile pc=0x000001a31a400c00 method=java.util.Collections.eq(Ljava/lang/Object;Ljava/lang/Object;)Z @ 18 c2
Event: 216.239 Thread 0x000001a32b359a80 DEOPT PACKING pc=0x000001a31a400c00 sp=0x00000048945fe8b0
Event: 216.239 Thread 0x000001a32b359a80 DEOPT UNPACKING pc=0x000001a319d466a3 sp=0x00000048945fe7f0 mode 2
Event: 216.240 Thread 0x000001a32b359a80 Uncommon trap: trap_request=0xffffff45 fr.pc=0x000001a31a5eb9ec relative=0x0000000000000e4c
Event: 216.240 Thread 0x000001a32b359a80 Uncommon trap: reason=unstable_if action=reinterpret pc=0x000001a31a5eb9ec method=java.lang.String.<init>([BIILjava/nio/charset/Charset;)V @ 325 c2
Event: 216.240 Thread 0x000001a32b359a80 DEOPT PACKING pc=0x000001a31a5eb9ec sp=0x00000048945fe8c0
Event: 216.240 Thread 0x000001a32b359a80 DEOPT UNPACKING pc=0x000001a319d466a3 sp=0x00000048945fe880 mode 2
Event: 216.260 Thread 0x000001a32c186c40 DEOPT PACKING pc=0x000001a313447bc7 sp=0x0000004894cfe4f0
Event: 216.260 Thread 0x000001a32c186c40 DEOPT UNPACKING pc=0x000001a319d46e43 sp=0x0000004894cfda08 mode 0

Classes loaded (20 events):
Event: 193.603 Loading class java/lang/invoke/BoundMethodHandle$Species_LLLLLLLLLLL
Event: 193.603 Loading class java/lang/invoke/BoundMethodHandle$Species_LLLLLLLLLLL done
Event: 193.605 Loading class java/lang/invoke/BoundMethodHandle$Species_LLLLLLLLLLLL
Event: 193.605 Loading class java/lang/invoke/BoundMethodHandle$Species_LLLLLLLLLLLL done
Event: 193.606 Loading class java/lang/invoke/BoundMethodHandle$Species_LLLLLLLLLLLLL
Event: 193.606 Loading class java/lang/invoke/BoundMethodHandle$Species_LLLLLLLLLLLLL done
Event: 193.714 Loading class java/util/WeakHashMap$KeyIterator
Event: 193.714 Loading class java/util/WeakHashMap$KeyIterator done
Event: 194.022 Loading class java/util/ArrayDeque$DeqSpliterator
Event: 194.023 Loading class java/util/ArrayDeque$DeqSpliterator done
Event: 201.444 Loading class java/io/SequenceInputStream
Event: 201.444 Loading class java/io/SequenceInputStream done
Event: 215.659 Loading class java/util/ImmutableCollections$SubList
Event: 215.659 Loading class java/util/ImmutableCollections$SubList done
Event: 215.848 Loading class java/util/zip/ZipError
Event: 215.848 Loading class java/util/zip/ZipError done
Event: 216.199 Loading class java/lang/Throwable$WrappedPrintWriter
Event: 216.199 Loading class java/lang/Throwable$PrintStreamOrWriter
Event: 216.199 Loading class java/lang/Throwable$PrintStreamOrWriter done
Event: 216.199 Loading class java/lang/Throwable$WrappedPrintWriter done

Classes unloaded (12 events):
Event: 13.824 Thread 0x000001a328ce0c20 Unloading class 0x000000010024bc00 'java/lang/invoke/LambdaForm$MH+0x000000010024bc00'
Event: 13.824 Thread 0x000001a328ce0c20 Unloading class 0x000000010024b800 'java/lang/invoke/LambdaForm$MH+0x000000010024b800'
Event: 13.824 Thread 0x000001a328ce0c20 Unloading class 0x000000010024b400 'java/lang/invoke/LambdaForm$MH+0x000000010024b400'
Event: 13.824 Thread 0x000001a328ce0c20 Unloading class 0x000000010024b000 'java/lang/invoke/LambdaForm$MH+0x000000010024b000'
Event: 13.824 Thread 0x000001a328ce0c20 Unloading class 0x000000010024ac00 'java/lang/invoke/LambdaForm$BMH+0x000000010024ac00'
Event: 13.824 Thread 0x000001a328ce0c20 Unloading class 0x000000010024a800 'java/lang/invoke/LambdaForm$DMH+0x000000010024a800'
Event: 13.824 Thread 0x000001a328ce0c20 Unloading class 0x0000000100244400 'java/lang/invoke/LambdaForm$DMH+0x0000000100244400'
Event: 38.125 Thread 0x000001a328ce0c20 Unloading class 0x0000000100469c00 'java/lang/invoke/LambdaForm$MH+0x0000000100469c00'
Event: 38.125 Thread 0x000001a328ce0c20 Unloading class 0x0000000100469000 'java/lang/invoke/LambdaForm$MH+0x0000000100469000'
Event: 38.125 Thread 0x000001a328ce0c20 Unloading class 0x0000000100468800 'java/lang/invoke/LambdaForm$MH+0x0000000100468800'
Event: 38.125 Thread 0x000001a328ce0c20 Unloading class 0x0000000100468000 'java/lang/invoke/LambdaForm$MH+0x0000000100468000'
Event: 38.125 Thread 0x000001a328ce0c20 Unloading class 0x0000000100463c00 'java/lang/invoke/LambdaForm$DMH+0x0000000100463c00'

Classes redefined (0 events):
No events

Internal exceptions (20 events):
Event: 216.264 Thread 0x000001a32c1894c0 Exception <a 'sun/nio/fs/WindowsException'{0x00000000eb736968}> (0x00000000eb736968) 
thrown [s\src\hotspot\share\prims\jni.cpp, line 516]
Event: 216.264 Thread 0x000001a32b358b50 Exception <a 'sun/nio/fs/WindowsException'{0x00000000eb78fe18}> (0x00000000eb78fe18) 
thrown [s\src\hotspot\share\prims\jni.cpp, line 516]
Event: 216.264 Thread 0x000001a32c1894c0 Exception <a 'sun/nio/fs/WindowsException'{0x00000000eb737268}> (0x00000000eb737268) 
thrown [s\src\hotspot\share\prims\jni.cpp, line 516]
Event: 216.264 Thread 0x000001a32b358b50 Exception <a 'sun/nio/fs/WindowsException'{0x00000000eb7906f8}> (0x00000000eb7906f8) 
thrown [s\src\hotspot\share\prims\jni.cpp, line 516]
Event: 216.265 Thread 0x000001a32c1894c0 Exception <a 'sun/nio/fs/WindowsException'{0x00000000eb737fe0}> (0x00000000eb737fe0) 
thrown [s\src\hotspot\share\prims\jni.cpp, line 516]
Event: 216.265 Thread 0x000001a32c1894c0 Exception <a 'sun/nio/fs/WindowsException'{0x00000000eb7388c0}> (0x00000000eb7388c0) 
thrown [s\src\hotspot\share\prims\jni.cpp, line 516]
Event: 216.266 Thread 0x000001a32c1894c0 Exception <a 'sun/nio/fs/WindowsException'{0x00000000eb7f31d8}> (0x00000000eb7f31d8) 
thrown [s\src\hotspot\share\prims\jni.cpp, line 516]
Event: 216.266 Thread 0x000001a32c1894c0 Exception <a 'sun/nio/fs/WindowsException'{0x00000000eb7f3ab8}> (0x00000000eb7f3ab8) 
thrown [s\src\hotspot\share\prims\jni.cpp, line 516]
Event: 216.292 Thread 0x000001a32b357710 Exception <a 'sun/nio/fs/WindowsException'{0x00000000eb9751e0}> (0x00000000eb9751e0) 
thrown [s\src\hotspot\share\prims\jni.cpp, line 516]
Event: 216.292 Thread 0x000001a32b357710 Exception <a 'sun/nio/fs/WindowsException'{0x00000000eb975ae0}> (0x00000000eb975ae0) 
thrown [s\src\hotspot\share\prims\jni.cpp, line 516]
Event: 216.292 Thread 0x000001a32b357710 Exception <a 'sun/nio/fs/WindowsException'{0x00000000eb976858}> (0x00000000eb976858) 
thrown [s\src\hotspot\share\prims\jni.cpp, line 516]
Event: 216.293 Thread 0x000001a32b357710 Exception <a 'sun/nio/fs/WindowsException'{0x00000000eb977138}> (0x00000000eb977138) 
thrown [s\src\hotspot\share\prims\jni.cpp, line 516]
Event: 216.294 Thread 0x000001a32b357710 Exception <a 'sun/nio/fs/WindowsException'{0x00000000eb9c6538}> (0x00000000eb9c6538) 
thrown [s\src\hotspot\share\prims\jni.cpp, line 516]
Event: 216.294 Thread 0x000001a32b357710 Exception <a 'sun/nio/fs/WindowsException'{0x00000000eb9c6e18}> (0x00000000eb9c6e18) 
thrown [s\src\hotspot\share\prims\jni.cpp, line 516]
Event: 216.303 Thread 0x000001a32b357710 Exception <a 'sun/nio/fs/WindowsException'{0x00000000ebb45a80}> (0x00000000ebb45a80) 
thrown [s\src\hotspot\share\prims\jni.cpp, line 516]
Event: 216.303 Thread 0x000001a32b357710 Exception <a 'sun/nio/fs/WindowsException'{0x00000000ebb46380}> (0x00000000ebb46380) 
thrown [s\src\hotspot\share\prims\jni.cpp, line 516]
Event: 216.304 Thread 0x000001a32b357710 Exception <a 'sun/nio/fs/WindowsException'{0x00000000ebb470e0}> (0x00000000ebb470e0) 
thrown [s\src\hotspot\share\prims\jni.cpp, line 516]
Event: 216.304 Thread 0x000001a32b357710 Exception <a 'sun/nio/fs/WindowsException'{0x00000000ebb479c0}> (0x00000000ebb479c0) 
thrown [s\src\hotspot\share\prims\jni.cpp, line 516]
Event: 216.305 Thread 0x000001a32b357710 Exception <a 'sun/nio/fs/WindowsException'{0x00000000ebbef778}> (0x00000000ebbef778) 
thrown [s\src\hotspot\share\prims\jni.cpp, line 516]
Event: 216.305 Thread 0x000001a32b357710 Exception <a 'sun/nio/fs/WindowsException'{0x00000000ebbf0058}> (0x00000000ebbf0058) 
thrown [s\src\hotspot\share\prims\jni.cpp, line 516]

VM Operations (20 events):
Event: 215.658 Executing VM operation: HandshakeAllThreads
Event: 215.658 Executing VM operation: HandshakeAllThreads done
Event: 215.658 Executing VM operation: Cleanup
Event: 215.658 Executing VM operation: Cleanup done
Event: 215.715 Executing VM operation: ParallelGCFailedAllocation
Event: 215.723 Executing VM operation: ParallelGCFailedAllocation done
Event: 215.784 Executing VM operation: ParallelGCFailedAllocation
Event: 215.789 Executing VM operation: ParallelGCFailedAllocation done
Event: 215.855 Executing VM operation: ParallelGCFailedAllocation
Event: 215.860 Executing VM operation: ParallelGCFailedAllocation done
Event: 215.928 Executing VM operation: ParallelGCFailedAllocation
Event: 215.933 Executing VM operation: ParallelGCFailedAllocation done
Event: 215.991 Executing VM operation: ParallelGCFailedAllocation
Event: 215.997 Executing VM operation: ParallelGCFailedAllocation done
Event: 216.055 Executing VM operation: ParallelGCFailedAllocation
Event: 216.064 Executing VM operation: ParallelGCFailedAllocation done
Event: 216.141 Executing VM operation: ParallelGCFailedAllocation
Event: 216.149 Executing VM operation: ParallelGCFailedAllocation done
Event: 216.181 Executing VM operation: HandshakeAllThreads
Event: 216.198 Executing VM operation: HandshakeAllThreads done

Events (20 events):
Event: 199.442 Thread 0x000001a328d4bc40 flushing nmethod 0x000001a31376b190
Event: 199.442 Thread 0x000001a328d4bc40 flushing nmethod 0x000001a31376fa90
Event: 199.442 Thread 0x000001a328d4bc40 flushing nmethod 0x000001a313770b10
Event: 199.442 Thread 0x000001a328d4bc40 flushing nmethod 0x000001a313771510
Event: 199.442 Thread 0x000001a328d4bc40 flushing nmethod 0x000001a313772d10
Event: 199.442 Thread 0x000001a328d4bc40 flushing nmethod 0x000001a313773490
Event: 199.442 Thread 0x000001a328d4bc40 flushing nmethod 0x000001a313776590
Event: 199.442 Thread 0x000001a328d4bc40 flushing nmethod 0x000001a313780510
Event: 199.442 Thread 0x000001a328d4bc40 flushing nmethod 0x000001a313780d10
Event: 199.442 Thread 0x000001a328d4bc40 flushing nmethod 0x000001a313781990
Event: 199.442 Thread 0x000001a328d4bc40 flushing nmethod 0x000001a313784090
Event: 199.442 Thread 0x000001a328d4bc40 flushing nmethod 0x000001a313784790
Event: 199.442 Thread 0x000001a328d4bc40 flushing nmethod 0x000001a31378a090
Event: 199.442 Thread 0x000001a328d4bc40 flushing nmethod 0x000001a313798490
Event: 199.442 Thread 0x000001a328d4bc40 flushing nmethod 0x000001a31379c690
Event: 201.208 Thread 0x000001a32b9f0b80 Thread added: 0x000001a32b9f0b80
Event: 206.483 Thread 0x000001a32b9f0b80 Thread exited: 0x000001a32b9f0b80
Event: 215.659 Thread 0x000001a32b9f6b20 Thread added: 0x000001a32b9f6b20
Event: 215.662 Thread 0x000001a32b9f2610 Thread added: 0x000001a32b9f2610
Event: 216.264 Thread 0x000001a32c18c250 Thread added: 0x000001a32c18c250


Dynamic libraries:
0x00007ff6005a0000 - 0x00007ff6005ae000 	c:\Users\Hamza tabani\.vscode\extensions\redhat.java-1.34.0-win32-x64\jre\17.0.12-win32-x86_64\bin\java.exe
0x00007ffacaeb0000 - 0x00007ffacb0a8000 	C:\Windows\SYSTEM32\ntdll.dll
0x00007ffac9420000 - 0x00007ffac94e1000 	C:\Windows\System32\KERNEL32.DLL
0x00007ffac8940000 - 0x00007ffac8c3d000 	C:\Windows\System32\KERNELBASE.dll
0x00007ffac86e0000 - 0x00007ffac87e0000 	C:\Windows\System32\ucrtbase.dll
0x00007ffa8db90000 - 0x00007ffa8dbab000 	c:\Users\Hamza tabani\.vscode\extensions\redhat.java-1.34.0-win32-x64\jre\17.0.12-win32-x86_64\bin\VCRUNTIME140.dll
0x00007ffa48930000 - 0x00007ffa48947000 	c:\Users\Hamza tabani\.vscode\extensions\redhat.java-1.34.0-win32-x64\jre\17.0.12-win32-x86_64\bin\jli.dll
0x00007ffaca9f0000 - 0x00007ffacab8d000 	C:\Windows\System32\USER32.dll
0x00007ffac8d20000 - 0x00007ffac8d42000 	C:\Windows\System32\win32u.dll
0x00007ffabbcc0000 - 0x00007ffabbf5a000 	C:\Windows\WinSxS\amd64_microsoft.windows.common-controls_6595b64144ccf1df_6.0.19041.4355_none_60b8b9eb71f62e16\COMCTL32.dll
0x00007ffac94f0000 - 0x00007ffac951b000 	C:\Windows\System32\GDI32.dll
0x00007ffac8dc0000 - 0x00007ffac8ed7000 	C:\Windows\System32\gdi32full.dll
0x00007ffacabf0000 - 0x00007ffacac8e000 	C:\Windows\System32\msvcrt.dll
0x00007ffac8560000 - 0x00007ffac85fd000 	C:\Windows\System32\msvcp_win.dll
0x00007ffacae40000 - 0x00007ffacae6f000 	C:\Windows\System32\IMM32.DLL
0x00007ffab5e20000 - 0x00007ffab5e2c000 	c:\Users\Hamza tabani\.vscode\extensions\redhat.java-1.34.0-win32-x64\jre\17.0.12-win32-x86_64\bin\vcruntime140_1.dll
0x00007ffa467c0000 - 0x00007ffa4684d000 	c:\Users\Hamza tabani\.vscode\extensions\redhat.java-1.34.0-win32-x64\jre\17.0.12-win32-x86_64\bin\msvcp140.dll
0x00007ffa43940000 - 0x00007ffa445aa000 	c:\Users\Hamza tabani\.vscode\extensions\redhat.java-1.34.0-win32-x64\jre\17.0.12-win32-x86_64\bin\server\jvm.dll
0x00007ffac9010000 - 0x00007ffac90c0000 	C:\Windows\System32\ADVAPI32.dll
0x00007ffac8f70000 - 0x00007ffac9010000 	C:\Windows\System32\sechost.dll
0x00007ffac9650000 - 0x00007ffac9773000 	C:\Windows\System32\RPCRT4.dll
0x00007ffac8cf0000 - 0x00007ffac8d17000 	C:\Windows\System32\bcrypt.dll
0x00007ffacac90000 - 0x00007ffacacfb000 	C:\Windows\System32\WS2_32.dll
0x00007ffac83c0000 - 0x00007ffac840b000 	C:\Windows\SYSTEM32\POWRPROF.dll
0x00007ffab7770000 - 0x00007ffab7797000 	C:\Windows\SYSTEM32\WINMM.dll
0x00007ffac0870000 - 0x00007ffac087a000 	C:\Windows\SYSTEM32\VERSION.dll
0x00007ffac83a0000 - 0x00007ffac83b2000 	C:\Windows\SYSTEM32\UMPDC.dll
0x00007ffac6400000 - 0x00007ffac6412000 	C:\Windows\SYSTEM32\kernel.appcore.dll
0x00007ffa4af50000 - 0x00007ffa4af5a000 	c:\Users\Hamza tabani\.vscode\extensions\redhat.java-1.34.0-win32-x64\jre\17.0.12-win32-x86_64\bin\jimage.dll
0x00007ffac2cd0000 - 0x00007ffac2eb4000 	C:\Windows\SYSTEM32\DBGHELP.DLL
0x00007ffac2a40000 - 0x00007ffac2a74000 	C:\Windows\SYSTEM32\dbgcore.DLL
0x00007ffac8600000 - 0x00007ffac8682000 	C:\Windows\System32\bcryptPrimitives.dll
0x00007ffa48920000 - 0x00007ffa4892e000 	c:\Users\Hamza tabani\.vscode\extensions\redhat.java-1.34.0-win32-x64\jre\17.0.12-win32-x86_64\bin\instrument.dll
0x00007ffa46790000 - 0x00007ffa467b5000 	c:\Users\Hamza tabani\.vscode\extensions\redhat.java-1.34.0-win32-x64\jre\17.0.12-win32-x86_64\bin\java.dll
0x00007ffa48900000 - 0x00007ffa48918000 	c:\Users\Hamza tabani\.vscode\extensions\redhat.java-1.34.0-win32-x64\jre\17.0.12-win32-x86_64\bin\zip.dll
0x00007ffac9cb0000 - 0x00007ffaca41f000 	C:\Windows\System32\SHELL32.dll
0x00007ffac6600000 - 0x00007ffac6da3000 	C:\Windows\SYSTEM32\windows.storage.dll
0x00007ffac90c0000 - 0x00007ffac9413000 	C:\Windows\System32\combase.dll
0x00007ffac7ec0000 - 0x00007ffac7eee000 	C:\Windows\SYSTEM32\Wldp.dll
0x00007ffaca4b0000 - 0x00007ffaca57d000 	C:\Windows\System32\OLEAUT32.dll
0x00007ffac9520000 - 0x00007ffac95cd000 	C:\Windows\System32\SHCORE.dll
0x00007ffac95f0000 - 0x00007ffac9645000 	C:\Windows\System32\shlwapi.dll
0x00007ffac8490000 - 0x00007ffac84b4000 	C:\Windows\SYSTEM32\profapi.dll
0x00007ffa46770000 - 0x00007ffa46789000 	C:\Users\Hamza tabani\.vscode\extensions\redhat.java-1.34.0-win32-x64\jre\17.0.12-win32-x86_64\bin\net.dll
0x00007ffac2930000 - 0x00007ffac2a3d000 	C:\Windows\SYSTEM32\WINHTTP.dll
0x00007ffac7c20000 - 0x00007ffac7c8a000 	C:\Windows\system32\mswsock.dll
0x00007ffa46750000 - 0x00007ffa46766000 	C:\Users\Hamza tabani\.vscode\extensions\redhat.java-1.34.0-win32-x64\jre\17.0.12-win32-x86_64\bin\nio.dll
0x00007ffa94320000 - 0x00007ffa94330000 	c:\Users\Hamza tabani\.vscode\extensions\redhat.java-1.34.0-win32-x64\jre\17.0.12-win32-x86_64\bin\verify.dll
0x00007ffa46680000 - 0x00007ffa466c5000 	C:\Users\Hamza tabani\AppData\Roaming\Code\User\globalStorage\redhat.java\1.34.0\config_win\org.eclipse.equinox.launcher\org.eclipse.equinox.launcher.win32.win32.x86_64_1.2.1100.v20240722-2106\eclipse_11904.dll
0x00007ffac99f0000 - 0x00007ffac9b1b000 	C:\Windows\System32\ole32.dll
0x00007ffac7e20000 - 0x00007ffac7e38000 	C:\Windows\SYSTEM32\CRYPTSP.dll
0x00007ffac7540000 - 0x00007ffac7574000 	C:\Windows\system32\rsaenh.dll
0x00007ffac8450000 - 0x00007ffac847e000 	C:\Windows\SYSTEM32\USERENV.dll
0x00007ffac7e10000 - 0x00007ffac7e1c000 	C:\Windows\SYSTEM32\CRYPTBASE.dll
0x00007ffac7900000 - 0x00007ffac793b000 	C:\Windows\SYSTEM32\IPHLPAPI.DLL
0x00007ffac9780000 - 0x00007ffac9788000 	C:\Windows\System32\NSI.dll
0x00007ffac3720000 - 0x00007ffac3737000 	C:\Windows\SYSTEM32\dhcpcsvc6.DLL
0x00007ffac36a0000 - 0x00007ffac36bd000 	C:\Windows\SYSTEM32\dhcpcsvc.DLL
0x00007ffac7940000 - 0x00007ffac7a0a000 	C:\Windows\SYSTEM32\DNSAPI.dll
0x00007ffa8df00000 - 0x00007ffa8df45000 	C:\Users\Hamza tabani\AppData\Local\Temp\jna-84987212\jna2622343619196734815.dll
0x00007ffaca420000 - 0x00007ffaca428000 	C:\Windows\System32\PSAPI.DLL
0x00007ffa94310000 - 0x00007ffa94319000 	C:\Users\Hamza tabani\.vscode\extensions\redhat.java-1.34.0-win32-x64\jre\17.0.12-win32-x86_64\bin\management.dll
0x00007ffa8def0000 - 0x00007ffa8defb000 	C:\Users\Hamza tabani\.vscode\extensions\redhat.java-1.34.0-win32-x64\jre\17.0.12-win32-x86_64\bin\management_ext.dll
0x00007ffa8dee0000 - 0x00007ffa8deee000 	C:\Users\Hamza tabani\.vscode\extensions\redhat.java-1.34.0-win32-x64\jre\17.0.12-win32-x86_64\bin\sunmscapi.dll
0x00007ffac87e0000 - 0x00007ffac893c000 	C:\Windows\System32\CRYPT32.dll
0x00007ffac7f90000 - 0x00007ffac7fb9000 	C:\Windows\SYSTEM32\ncrypt.dll
0x00007ffac7ef0000 - 0x00007ffac7f2b000 	C:\Windows\SYSTEM32\NTASN1.dll
0x00007ffac1870000 - 0x00007ffac187a000 	C:\Windows\System32\rasadhlp.dll
0x00007ffac1190000 - 0x00007ffac1210000 	C:\Windows\System32\fwpuclnt.dll
0x00007ffa8ded0000 - 0x00007ffa8ded9000 	C:\Users\Hamza tabani\.vscode\extensions\redhat.java-1.34.0-win32-x64\jre\17.0.12-win32-x86_64\bin\extnet.dll
0x00007ffa469a0000 - 0x00007ffa469c7000 	C:\Users\Hamza tabani\.gradle\native\68d5fa5c4cc2d200863cafc0d521ce42e7d3e7ee720ec0a83991735586a16f82\windows-amd64\native-platform.dll
0x00007ffa45d60000 - 0x00007ffa45d67000 	C:\Windows\system32\wshunix.dll

dbghelp: loaded successfully - version: 4.0.5 - missing functions: none
symbol engine: initialized successfully - sym options: 0x614 - pdb path: .;c:\Users\Hamza tabani\.vscode\extensions\redhat.java-1.34.0-win32-x64\jre\17.0.12-win32-x86_64\bin;C:\Windows\SYSTEM32;C:\Windows\WinSxS\amd64_microsoft.windows.common-controls_6595b64144ccf1df_6.0.19041.4355_none_60b8b9eb71f62e16;c:\Users\Hamza tabani\.vscode\extensions\redhat.java-1.34.0-win32-x64\jre\17.0.12-win32-x86_64\bin\server;C:\Users\Hamza tabani\AppData\Roaming\Code\User\globalStorage\redhat.java\1.34.0\config_win\org.eclipse.equinox.launcher\org.eclipse.equinox.launcher.win32.win32.x86_64_1.2.1100.v20240722-2106;C:\Users\Hamza tabani\AppData\Local\Temp\jna-84987212;C:\Users\Hamza tabani\.gradle\native\68d5fa5c4cc2d200863cafc0d521ce42e7d3e7ee720ec0a83991735586a16f82\windows-amd64

VM Arguments:
jvm_args: --add-modules=ALL-SYSTEM --add-opens=java.base/java.util=ALL-UNNAMED --add-opens=java.base/java.lang=ALL-UNNAMED --add-opens=java.base/sun.nio.fs=ALL-UNNAMED -Declipse.application=org.eclipse.jdt.ls.core.id1 -Dosgi.bundles.defaultStartLevel=4 -Declipse.product=org.eclipse.jdt.ls.core.product -Djava.import.generatesMetadataFilesAtProjectRoot=false -DDetectVMInstallationsJob.disabled=true -Dfile.encoding=utf8 -XX:+UseParallelGC -XX:GCTimeRatio=4 -XX:AdaptiveSizePolicyWeight=90 -Dsun.zip.disableMemoryMapping=true -Xmx1G -Xms100m -Xlog:disable -javaagent:c:\Users\Hamza tabani\.vscode\extensions\redhat.java-1.34.0-win32-x64\lombok\lombok-1.18.33.jar -XX:+HeapDumpOnOutOfMemoryError -XX:HeapDumpPath=c:\Users\Hamza tabani\AppData\Roaming\Code\User\workspaceStorage\bc95b6429a063d9df9e73f78fb391c89\redhat.java -Daether.dependencyCollector.impl=bf 
java_command: c:\Users\Hamza tabani\.vscode\extensions\redhat.java-1.34.0-win32-x64\server\plugins\org.eclipse.equinox.launcher_1.6.900.v20240613-2009.jar -configuration c:\Users\Hamza tabani\AppData\Roaming\Code\User\globalStorage\redhat.java\1.34.0\config_win -data c:\Users\Hamza tabani\AppData\Roaming\Code\User\workspaceStorage\bc95b6429a063d9df9e73f78fb391c89\redhat.java\jdt_ws --pipe=\\.\pipe\lsp-6d88de302f29074ecacfefa05648bcf9-sock
java_class_path (initial): c:\Users\Hamza tabani\.vscode\extensions\redhat.java-1.34.0-win32-x64\server\plugins\org.eclipse.equinox.launcher_1.6.900.v20240613-2009.jar
Launcher Type: SUN_STANDARD

[Global flags]
    uintx AdaptiveSizePolicyWeight                 = 90                                        {product} {command line}
     intx CICompilerCount                          = 4                                         {product} {ergonomic}
    uintx GCTimeRatio                              = 4                                         {product} {command line}
     bool HeapDumpOnOutOfMemoryError               = true                                   {manageable} {command line}
    ccstr HeapDumpPath                             = c:\Users\Hamza tabani\AppData\Roaming\Code\User\workspaceStorage\bc95b6429a063d9df9e73f78fb391c89\redhat.java         {manageable} {command line}
   size_t InitialHeapSize                          = 104857600                                 {product} {command line}
   size_t MaxHeapSize                              = 1073741824                                {product} {command line}
   size_t MaxNewSize                               = 357564416                                 {product} {ergonomic}
   size_t MinHeapDeltaBytes                        = 524288                                    {product} {ergonomic}
   size_t MinHeapSize                              = 104857600                                 {product} {command line}
   size_t NewSize                                  = 34603008                                  {product} {ergonomic}
    uintx NonNMethodCodeHeapSize                   = 5839372                                {pd product} {ergonomic}
    uintx NonProfiledCodeHeapSize                  = 122909434                              {pd product} {ergonomic}
   size_t OldSize                                  = 70254592                                  {product} {ergonomic}
    uintx ProfiledCodeHeapSize                     = 122909434                              {pd product} {ergonomic}
    uintx ReservedCodeCacheSize                    = 251658240                              {pd product} {ergonomic}
     bool SegmentedCodeCache                       = true                                      {product} {ergonomic}
   size_t SoftMaxHeapSize                          = 1073741824                             {manageable} {ergonomic}
     bool UseCompressedClassPointers               = true                           {product lp64_product} {ergonomic}
     bool UseCompressedOops                        = true                           {product lp64_product} {ergonomic}
     bool UseLargePagesIndividualAllocation        = false                                  {pd product} {ergonomic}
     bool UseParallelGC                            = true                                      {product} {command line}

Logging:
Log output configuration:
 #0: stdout all=off uptime,level,tags
 #1: stderr all=off uptime,level,tags

Environment Variables:
JAVA_HOME=C:\Program Files\Java\jdk-17
PATH=C:\Program Files\Common Files\Oracle\Java\javapath;C:\Windows\system32;C:\Windows;C:\Windows\System32\Wbem;C:\Windows\System32\WindowsPowerShell\v1.0\;C:\Windows\System32\OpenSSH\;C:\ProgramData\chocolatey\bin;C:\Program Files\nodejs\;C:\Users\Hamza tabani\AppData\Local\Android\Sdk\platform-tools;;C:\Program Files\OpenJDK\jdk-20.0.2\bin;C:\Program Files (x86)\ATI Technologies\ATI.ACE\Core-Static;C:\Users\Hamza tabani\AppData\Local\Microsoft\WindowsApps;C:\Users\Hamza tabani\AppData\Local\Programs\Microsoft VS Code\bin;C:\Users\Hamza tabani\AppData\Local\Programs\Git\cmd;C:\Users\Hamza tabani\AppData\Roaming\npm
USERNAME=Hamza tabani
OS=Windows_NT
PROCESSOR_IDENTIFIER=Intel64 Family 6 Model 60 Stepping 3, GenuineIntel
TMP=C:\Users\HAMZAT~1\AppData\Local\Temp
TEMP=C:\Users\HAMZAT~1\AppData\Local\Temp



Periodic native trim disabled


---------------  S Y S T E M  ---------------

OS:
 Windows 10 , 64 bit Build 19041 (10.0.19041.4842)
OS uptime: 0 days 0:08 hours

CPU: total 8 (initial active 8) (4 cores per cpu, 2 threads per core) family 6 model 60 stepping 3 microcode 0x27, cx8, cmov, fxsr, ht, mmx, sse, sse2, sse3, ssse3, sse4.1, sse4.2, popcnt, lzcnt, tsc, tscinvbit, avx, avx2, erms, clmul, bmi1, bmi2, fma, vzeroupper, clflush
Processor Information for all 8 processors :
  Max Mhz: 3601, Current Mhz: 3601, Mhz Limit: 3601

Memory: 4k page, system-wide physical 16321M (7778M free)
TotalPageFile size 21953M (AvailPageFile size 12680M)
current process WorkingSet (physical memory assigned to process): 704M, peak: 707M
current process commit charge ("private bytes"): 657M, peak: 691M

vm_info: OpenJDK 64-Bit Server VM (17.0.12+7) for windows-amd64 JRE (17.0.12+7), built on Jul 16 2024 22:08:24 by "admin" with MS VC++ 16.10 / 16.11 (VS2019)

END.
