#
# A fatal error has been detected by the Java Runtime Environment:
#
#  EXCEPTION_ACCESS_VIOLATION (0xc0000005) at pc=0x000001f81ef70560, pid=1420, tid=6480
#
# JRE version: OpenJDK Runtime Environment (20.0.2+9) (build 20.0.2+9-78)
# Java VM: OpenJDK 64-Bit Server VM (20.0.2+9-78, mixed mode, sharing, tiered, compressed oops, compressed class ptrs, g1 gc, windows-amd64)
# Problematic frame:
# C  0x000001f81ef70560
#
# No core dump will be written. Minidumps are not enabled by default on client versions of Windows
#
# If you would like to submit a bug report, please visit:
#   https://bugreport.java.com/bugreport/crash.jsp
#

---------------  S U M M A R Y ------------

Command Line: -XX:MaxMetaspaceSize=512m --add-opens=java.base/java.util=ALL-UNNAMED --add-opens=java.base/java.lang=ALL-UNNAMED --add-opens=java.base/java.lang.invoke=ALL-UNNAMED --add-opens=java.prefs/java.util.prefs=ALL-UNNAMED --add-opens=java.base/java.nio.charset=ALL-UNNAMED --add-opens=java.base/java.net=ALL-UNNAMED --add-opens=java.base/java.util.concurrent.atomic=ALL-UNNAMED -Xmx2048m -Dfile.encoding=UTF-8 -Duser.country=GB -Duser.language=en -Duser.variant -javaagent:C:\Users\Hamza tabani\.gradle\wrapper\dists\gradle-8.3-all\6en3ugtfdg5xnpx44z4qbwgas\gradle-8.3\lib\agents\gradle-instrumentation-agent-8.3.jar org.gradle.launcher.daemon.bootstrap.GradleDaemon 8.3

Host: Intel(R) Core(TM) i7-4790 CPU @ 3.60GHz, 8 cores, 15G,  Windows 10 , 64 bit Build 19041 (10.0.19041.4717)
Time: Wed Sep  4 05:35:23 2024 Pakistan Standard Time elapsed time: 17.033220 seconds (0d 0h 0m 17s)

---------------  T H R E A D  ---------------

Current thread (0x000001f87f02ff60):  JavaThread "C2 CompilerThread0" daemon [_thread_in_native, id=6480, stack(0x000000c2c8900000,0x000000c2c8a00000)]


Current CompileTask:
C2:  17033 8550   !   4       org.jetbrains.kotlin.metadata.ProtoBuf$ValueParameter::<init> (513 bytes)

Stack: [0x000000c2c8900000,0x000000c2c8a00000],  sp=0x000000c2c89faa38,  free space=1002k
Native frames: (J=compiled Java code, j=interpreted, Vv=VM code, C=native code)
C  0x000001f81ef70560


siginfo: EXCEPTION_ACCESS_VIOLATION (0xc0000005), data execution prevention violation at address 0x000001f81ef70560


Registers:
RAX=0x000001f81e705ef8, RBX=0x000001f81e705ec8, RCX=0x000001f81e705ec8, RDX=0x000001f81e7205c9
RSP=0x000000c2c89faa38, RBP=0x0000000000000001, RSI=0x0000000000000456, RDI=0x000000c2c89fab10
R8 =0x000001f81e7205c8, R9 =0x000000c2c89fae10, R10=0xfefefefefefefeff, R11=0x8080808080808080
R12=0x000000c2c89faaf0, R13=0x000000c2c89faad0, R14=0x000000000000000c, R15=0x000001f81ef70560
RIP=0x000001f81ef70560, EFLAGS=0x0000000000010206


Register to memory mapping:

RIP=0x000001f81ef70560 points into unknown readable memory: 0x00007ffda5e49120 | 20 91 e4 a5 fd 7f 00 00
RAX=0x000001f81e705ef8 points into unknown readable memory: 0x0000000000000000 | 00 00 00 00 00 00 00 00
RBX=0x000001f81e705ec8 points into unknown readable memory: 0x000001f81e705ef8 | f8 5e 70 1e f8 01 00 00
RCX=0x000001f81e705ec8 points into unknown readable memory: 0x000001f81e705ef8 | f8 5e 70 1e f8 01 00 00
RDX=0x000001f81e7205c9 points into unknown readable memory: 24 e2 a5 fd 7f 00 00
RSP=0x000000c2c89faa38 is pointing into the stack for thread: 0x000001f87f02ff60
RBP=0x0000000000000001 is an unknown value
RSI=0x0000000000000456 is an unknown value
RDI=0x000000c2c89fab10 is pointing into the stack for thread: 0x000001f87f02ff60
R8 =0x000001f81e7205c8 points into unknown readable memory: 0x00007ffda5e22400 | 00 24 e2 a5 fd 7f 00 00
R9 =0x000000c2c89fae10 is pointing into the stack for thread: 0x000001f87f02ff60
R10=0xfefefefefefefeff is an unknown value
R11=0x8080808080808080 is an unknown value
R12=0x000000c2c89faaf0 is pointing into the stack for thread: 0x000001f87f02ff60
R13=0x000000c2c89faad0 is pointing into the stack for thread: 0x000001f87f02ff60
R14=0x000000000000000c is an unknown value
R15=0x000001f81ef70560 points into unknown readable memory: 0x00007ffda5e49120 | 20 91 e4 a5 fd 7f 00 00


Top of Stack: (sp=0x000000c2c89faa38)
0x000000c2c89faa38:   00007ffda5ac4a7d 0000000000000001
0x000000c2c89faa48:   000001f81e7205c8 000000c2c89faba0
0x000000c2c89faa58:   0000000000000001 000001f85e3c1fd0
0x000000c2c89faa68:   0000000000000000 000001f81ef77758
0x000000c2c89faa78:   000000c2c89faba0 000001f81df4df00
0x000000c2c89faa88:   0000000000000000 000000c2c89fae10
0x000000c2c89faa98:   00007ffda5ac3df8 000000c2c89fae10
0x000000c2c89faaa8:   0000000000000001 000001f800000037
0x000000c2c89faab8:   000000c2c89fab10 0000000000010020
0x000000c2c89faac8:   0000000000010010 000001f87f0088f0
0x000000c2c89faad8:   000001f800000800 000001f81e0e4010
0x000000c2c89faae8:   00007ffe00000457 000001f800000100
0x000000c2c89faaf8:   000001f81c6ea700 0000000000000100
0x000000c2c89fab08:   000001f87f0088f0 000001f81ee00b50
0x000000c2c89fab18:   000001f81ee0a4a0 000001f81ee00b50
0x000000c2c89fab28:   000001f87f0088f0 000001f87f0088f0
0x000000c2c89fab38:   00007ffd00000004 000001f81c70e340
0x000000c2c89fab48:   0000000000000000 000001f87f6b5d50
0x000000c2c89fab58:   00007ffda5ce571f 000001f81e7b4720
0x000000c2c89fab68:   00007ffda5ce568a 000001f81f7118c0
0x000000c2c89fab78:   000001f81e7b4720 000001f81e7b4720
0x000000c2c89fab88:   00007ffda5ce568a 000001f81f711338
0x000000c2c89fab98:   000001f81e7b4720 000001f87f054490
0x000000c2c89faba8:   000001f800415378 000001f81f711338
0x000000c2c89fabb8:   00007ffda5ce5531 0000000000000002
0x000000c2c89fabc8:   0000000000000010 000001f81df4df68
0x000000c2c89fabd8:   000001f87f03c058 0000000000010000
0x000000c2c89fabe8:   000000c2c89facb0 000000000000000e
0x000000c2c89fabf8:   00007ffe1c7bfde6 0000000000000000
0x000000c2c89fac08:   0000000000010010 000001f81e7b4b30
0x000000c2c89fac18:   00007ffda5900000 0000000000010000
0x000000c2c89fac28:   00007ffe1c8d920e 0000000000010010 

Instructions: (pc=0x000001f81ef70560)
0x000001f81ef70460:   20 03 f7 1e f8 01 00 00 60 05 f7 1e f8 01 00 00
0x000001f81ef70470:   a8 05 f7 1e f8 01 00 00 88 06 f7 1e f8 01 00 00
0x000001f81ef70480:   00 15 f7 1e f8 01 00 00 98 21 f7 1e f8 01 00 00
0x000001f81ef70490:   d8 21 f7 1e f8 01 00 00 20 22 f7 1e f8 01 00 00
0x000001f81ef704a0:   20 23 f7 1e f8 01 00 00 40 25 f7 1e f8 01 00 00
0x000001f81ef704b0:   18 26 f7 1e f8 01 00 00 f8 26 f7 1e f8 01 00 00
0x000001f81ef704c0:   48 90 0b 1b f8 01 00 00 a8 88 b7 1e f8 01 00 00
0x000001f81ef704d0:   88 d3 0b 1b f8 01 00 00 a0 ee 0b 1b f8 01 00 00
0x000001f81ef704e0:   b0 a5 b7 1e f8 01 00 00 18 a6 b7 1e f8 01 00 00
0x000001f81ef704f0:   b8 be b7 1e f8 01 00 00 00 bf b7 1e f8 01 00 00
0x000001f81ef70500:   48 c4 b7 1e f8 01 00 00 b0 c5 b7 1e f8 01 00 00
0x000001f81ef70510:   f8 e6 b7 1e f8 01 00 00 d0 e8 b7 1e f8 01 00 00
0x000001f81ef70520:   38 bb 71 1e f8 01 00 00 f0 e9 71 1e f8 01 00 00
0x000001f81ef70530:   68 0a 72 1e f8 01 00 00 08 a5 70 1e f8 01 00 00
0x000001f81ef70540:   78 c6 70 1e f8 01 00 00 d0 97 67 1c f8 01 00 00
0x000001f81ef70550:   c0 ac 67 1c f8 01 00 00 90 cb 67 1c f8 01 00 00
0x000001f81ef70560:   20 91 e4 a5 fd 7f 00 00 a0 05 f7 1e f8 01 00 00
0x000001f81ef70570:   78 3f 54 1e f8 01 00 00 01 00 00 00 01 00 00 00
0x000001f81ef70580:   37 00 00 00 80 00 00 00 21 0a 00 00 04 00 00 00
0x000001f81ef70590:   10 00 00 00 00 00 00 00 e0 84 07 7f f8 01 00 00
0x000001f81ef705a0:   d0 76 f7 1e f8 01 00 00 20 91 e4 a5 fd 7f 00 00
0x000001f81ef705b0:   e8 05 f7 1e f8 01 00 00 e8 02 6e 1c f8 01 00 00
0x000001f81ef705c0:   01 00 00 00 01 00 00 00 01 00 00 00 20 00 00 00
0x000001f81ef705d0:   f1 10 00 00 04 00 00 00 10 00 00 00 00 00 00 00
0x000001f81ef705e0:   f0 81 6e 1f f8 01 00 00 d0 76 f7 1e f8 01 00 00
0x000001f81ef705f0:   90 d8 e1 a5 fd 7f 00 00 28 06 f7 1e f8 01 00 00
0x000001f81ef70600:   00 05 6e 1c f8 01 00 00 04 00 00 00 04 00 00 00
0x000001f81ef70610:   11 00 00 00 20 00 00 00 ec 0f 00 00 00 02 00 00
0x000001f81ef70620:   00 00 00 00 f8 01 00 00 00 00 00 00 00 00 00 00
0x000001f81ef70630:   58 77 f7 1e f8 01 00 00 20 03 f7 1e f8 01 00 00
0x000001f81ef70640:   a8 05 f7 1e f8 01 00 00 f0 05 f7 1e f8 01 00 00
0x000001f81ef70650:   d0 06 f7 1e f8 01 00 00 48 07 f7 1e f8 01 00 00 


Stack slot to memory mapping:
stack at sp + 0 slots: 0x00007ffda5ac4a7d jvm.dll
stack at sp + 1 slots: 0x0000000000000001 is an unknown value
stack at sp + 2 slots: 0x000001f81e7205c8 points into unknown readable memory: 0x00007ffda5e22400 | 00 24 e2 a5 fd 7f 00 00
stack at sp + 3 slots: 0x000000c2c89faba0 is pointing into the stack for thread: 0x000001f87f02ff60
stack at sp + 4 slots: 0x0000000000000001 is an unknown value
stack at sp + 5 slots: 0x000001f85e3c1fd0 points into unknown readable memory: 0x00007ffda5e5e5d0 | d0 e5 e5 a5 fd 7f 00 00
stack at sp + 6 slots: 0x0 is NULL
stack at sp + 7 slots: 0x000001f81ef77758 points into unknown readable memory: 0x00007ffda5e37600 | 00 76 e3 a5 fd 7f 00 00


---------------  P R O C E S S  ---------------

Threads class SMR info:
_java_thread_list=0x000001f81c2686c0, length=39, elements={
0x000001f85e3a4fb0, 0x000001f87f0225d0, 0x000001f87f0233d0, 0x000001f87f029fb0,
0x000001f87f02ab70, 0x000001f87f02b4b0, 0x000001f87f02e5b0, 0x000001f87f02ff60,
0x000001f87f03c920, 0x000001f87f144530, 0x000001f87f142ff0, 0x000001f87f144a80,
0x000001f87f142550, 0x000001f87f145520, 0x000001f87f142aa0, 0x000001f81bf83b10,
0x000001f81bf84060, 0x000001f81bf845b0, 0x000001f81bf835c0, 0x000001f81bf84b00,
0x000001f81bf86590, 0x000001f81bf855a0, 0x000001f81bf87030, 0x000001f81bf89560,
0x000001f81bf825d0, 0x000001f81bf87ad0, 0x000001f81bf88020, 0x000001f81bf85af0,
0x000001f81bf89010, 0x000001f81bf86ae0, 0x000001f81bf83070, 0x000001f81bf85050,
0x000001f81bf88ac0, 0x000001f81f148f60, 0x000001f81f14e9b0, 0x000001f81f14c480,
0x000001f81f14bf30, 0x000001f81d51f900, 0x000001f81d523630
}

Java Threads: ( => current thread )
  0x000001f85e3a4fb0 JavaThread "main" [_thread_blocked, id=19064, stack(0x000000c2c7c00000,0x000000c2c7d00000)]
  0x000001f87f0225d0 JavaThread "Reference Handler" daemon [_thread_blocked, id=920, stack(0x000000c2c8300000,0x000000c2c8400000)]
  0x000001f87f0233d0 JavaThread "Finalizer" daemon [_thread_blocked, id=19616, stack(0x000000c2c8400000,0x000000c2c8500000)]
  0x000001f87f029fb0 JavaThread "Signal Dispatcher" daemon [_thread_blocked, id=12444, stack(0x000000c2c8500000,0x000000c2c8600000)]
  0x000001f87f02ab70 JavaThread "Attach Listener" daemon [_thread_blocked, id=18860, stack(0x000000c2c8600000,0x000000c2c8700000)]
  0x000001f87f02b4b0 JavaThread "Service Thread" daemon [_thread_blocked, id=5460, stack(0x000000c2c8700000,0x000000c2c8800000)]
  0x000001f87f02e5b0 JavaThread "Monitor Deflation Thread" daemon [_thread_blocked, id=18580, stack(0x000000c2c8800000,0x000000c2c8900000)]
=>0x000001f87f02ff60 JavaThread "C2 CompilerThread0" daemon [_thread_in_native, id=6480, stack(0x000000c2c8900000,0x000000c2c8a00000)]
  0x000001f87f03c920 JavaThread "C1 CompilerThread0" daemon [_thread_in_native, id=19360, stack(0x000000c2c8a00000,0x000000c2c8b00000)]
  0x000001f87f144530 JavaThread "Common-Cleaner" daemon [_thread_blocked, id=9460, stack(0x000000c2c8b00000,0x000000c2c8c00000)]
  0x000001f87f142ff0 JavaThread "Notification Thread" daemon [_thread_blocked, id=19152, stack(0x000000c2c8c00000,0x000000c2c8d00000)]
  0x000001f87f144a80 JavaThread "Daemon health stats" [_thread_blocked, id=17976, stack(0x000000c2c9400000,0x000000c2c9500000)]
  0x000001f87f142550 JavaThread "Incoming local TCP Connector on port 62234" [_thread_in_native, id=10340, stack(0x000000c2c9500000,0x000000c2c9600000)]
  0x000001f87f145520 JavaThread "Daemon periodic checks" [_thread_blocked, id=20424, stack(0x000000c2c9600000,0x000000c2c9700000)]
  0x000001f87f142aa0 JavaThread "Daemon" [_thread_blocked, id=6644, stack(0x000000c2c9700000,0x000000c2c9800000)]
  0x000001f81bf83b10 JavaThread "Handler for socket connection from /127.0.0.1:62234 to /127.0.0.1:62235" [_thread_in_native, id=956, stack(0x000000c2c9800000,0x000000c2c9900000)]
  0x000001f81bf84060 JavaThread "Cancel handler" [_thread_blocked, id=20300, stack(0x000000c2c9900000,0x000000c2c9a00000)]
  0x000001f81bf845b0 JavaThread "Daemon worker" [_thread_in_vm, id=18412, stack(0x000000c2c9a00000,0x000000c2c9b00000)]
  0x000001f81bf835c0 JavaThread "Asynchronous log dispatcher for DefaultDaemonConnection: socket connection from /127.0.0.1:62234 to /127.0.0.1:62235" [_thread_blocked, id=1988, stack(0x000000c2c9b00000,0x000000c2c9c00000)]
  0x000001f81bf84b00 JavaThread "Stdin handler" [_thread_blocked, id=12360, stack(0x000000c2c9c00000,0x000000c2c9d00000)]
  0x000001f81bf86590 JavaThread "Daemon client event forwarder" [_thread_blocked, id=19400, stack(0x000000c2c9d00000,0x000000c2c9e00000)]
  0x000001f81bf855a0 JavaThread "Cache worker for journal cache (C:\Users\Hamza tabani\.gradle\caches\journal-1)" [_thread_blocked, id=18812, stack(0x000000c2c9e00000,0x000000c2c9f00000)]
  0x000001f81bf87030 JavaThread "File lock request listener" [_thread_in_native, id=19584, stack(0x000000c2c9f00000,0x000000c2ca000000)]
  0x000001f81bf89560 JavaThread "Cache worker for file hash cache (C:\Users\Hamza tabani\.gradle\caches\8.3\fileHashes)" [_thread_blocked, id=10692, stack(0x000000c2ca000000,0x000000c2ca100000)]
  0x000001f81bf825d0 JavaThread "File watcher server" daemon [_thread_in_native, id=10140, stack(0x000000c2ca200000,0x000000c2ca300000)]
  0x000001f81bf87ad0 JavaThread "File watcher consumer" daemon [_thread_blocked, id=19940, stack(0x000000c2ca300000,0x000000c2ca400000)]
  0x000001f81bf88020 JavaThread "Cache worker for checksums cache (D:\Muhammad Hamza Tabani\Apps\ITCGOLF\android\.gradle\8.3\checksums)" [_thread_blocked, id=8552, stack(0x000000c2ca700000,0x000000c2ca800000)]
  0x000001f81bf85af0 JavaThread "Cache worker for file hash cache (D:\Muhammad Hamza Tabani\Apps\ITCGOLF\android\.gradle\8.3\fileHashes)" [_thread_blocked, id=4760, stack(0x000000c2ca800000,0x000000c2ca900000)]
  0x000001f81bf89010 JavaThread "Cache worker for cache directory md-supplier (C:\Users\Hamza tabani\.gradle\caches\8.3\md-supplier)" [_thread_blocked, id=10424, stack(0x000000c2ca900000,0x000000c2caa00000)]
  0x000001f81bf86ae0 JavaThread "Cache worker for file content cache (C:\Users\Hamza tabani\.gradle\caches\8.3\fileContent)" [_thread_blocked, id=17504, stack(0x000000c2caa00000,0x000000c2cab00000)]
  0x000001f81bf83070 JavaThread "Cache worker for cache directory md-rule (C:\Users\Hamza tabani\.gradle\caches\8.3\md-rule)" [_thread_blocked, id=17896, stack(0x000000c2cab00000,0x000000c2cac00000)]
  0x000001f81bf85050 JavaThread "Cache worker for execution history cache (C:\Users\Hamza tabani\.gradle\caches\8.3\executionHistory)" [_thread_blocked, id=13956, stack(0x000000c2cac00000,0x000000c2cad00000)]
  0x000001f81bf88ac0 JavaThread "jar transforms" [_thread_blocked, id=928, stack(0x000000c2cad00000,0x000000c2cae00000)]
  0x000001f81f148f60 JavaThread "jar transforms Thread 2" [_thread_blocked, id=7840, stack(0x000000c2cae00000,0x000000c2caf00000)]
  0x000001f81f14e9b0 JavaThread "jar transforms Thread 3" [_thread_blocked, id=19572, stack(0x000000c2caf00000,0x000000c2cb000000)]
  0x000001f81f14c480 JavaThread "jar transforms Thread 4" [_thread_blocked, id=13900, stack(0x000000c2cb000000,0x000000c2cb100000)]
  0x000001f81f14bf30 JavaThread "Cache worker for kotlin-dsl (C:\Users\Hamza tabani\.gradle\caches\8.3\kotlin-dsl)" [_thread_blocked, id=7288, stack(0x000000c2ca100000,0x000000c2ca200000)]
  0x000001f81d51f900 JavaThread "C2 CompilerThread1" daemon [_thread_blocked, id=17248, stack(0x000000c2c8e00000,0x000000c2c8f00000)]
  0x000001f81d523630 JavaThread "C2 CompilerThread2" daemon [_thread_blocked, id=14984, stack(0x000000c2cb100000,0x000000c2cb200000)]

Other Threads:
  0x000001f87ae13120 VMThread "VM Thread" [stack: 0x000000c2c8200000,0x000000c2c8300000] [id=10580]
  0x000001f85e3a5db0 WatcherThread "VM Periodic Task Thread" [stack: 0x000000c2c8d00000,0x000000c2c8e00000] [id=19904]
  0x000001f85e4058c0 WorkerThread "GC Thread#0" [stack: 0x000000c2c7d00000,0x000000c2c7e00000] [id=6116]
  0x000001f81ad56420 WorkerThread "GC Thread#1" [stack: 0x000000c2c8f00000,0x000000c2c9000000] [id=14048]
  0x000001f87fb7c8e0 WorkerThread "GC Thread#2" [stack: 0x000000c2c9000000,0x000000c2c9100000] [id=19368]
  0x000001f87fb7cbb0 WorkerThread "GC Thread#3" [stack: 0x000000c2c9100000,0x000000c2c9200000] [id=6988]
  0x000001f87fb7df60 WorkerThread "GC Thread#4" [stack: 0x000000c2c9200000,0x000000c2c9300000] [id=15940]
  0x000001f87fb7d150 WorkerThread "GC Thread#5" [stack: 0x000000c2c9300000,0x000000c2c9400000] [id=13156]
  0x000001f81be6d8d0 WorkerThread "GC Thread#6" [stack: 0x000000c2ca400000,0x000000c2ca500000] [id=14596]
  0x000001f81be6ef50 WorkerThread "GC Thread#7" [stack: 0x000000c2ca500000,0x000000c2ca600000] [id=20208]
  0x000001f85e416880 ConcurrentGCThread "G1 Main Marker" [stack: 0x000000c2c7e00000,0x000000c2c7f00000] [id=9200]
  0x000001f85e417960 WorkerThread "G1 Conc#0" [stack: 0x000000c2c7f00000,0x000000c2c8000000] [id=19876]
  0x000001f81be6f220 WorkerThread "G1 Conc#1" [stack: 0x000000c2ca600000,0x000000c2ca700000] [id=6908]
  0x000001f85e46eae0 ConcurrentGCThread "G1 Refine#0" [stack: 0x000000c2c8000000,0x000000c2c8100000] [id=9416]
  0x000001f87acd5740 ConcurrentGCThread "G1 Service" [stack: 0x000000c2c8100000,0x000000c2c8200000] [id=17808]

Threads with active compile tasks:
C2 CompilerThread0    17093 8550   !   4       org.jetbrains.kotlin.metadata.ProtoBuf$ValueParameter::<init> (513 bytes)

VM state: not at safepoint (normal execution)

VM Mutex/Monitor currently owned by a thread: None

Heap address: 0x0000000080000000, size: 2048 MB, Compressed Oops mode: 32-bit

CDS archive(s) mapped at: [0x000001f800000000-0x000001f800c60000-0x000001f800c60000), size 12976128, SharedBaseAddress: 0x000001f800000000, ArchiveRelocationMode: 1.
Compressed class space mapped at: 0x000001f801000000-0x000001f81ac00000, reserved size: 432013312
Narrow klass base: 0x000001f800000000, Narrow klass shift: 0, Narrow klass range: 0x100000000

GC Precious Log:
 CardTable entry size: 512
 Card Set container configuration: InlinePtr #cards 5 size 8 Array Of Cards #cards 12 size 40 Howl #buckets 4 coarsen threshold 1843 Howl Bitmap #cards 512 size 80 coarsen threshold 460 Card regions per heap region 1 cards per card region 2048
 CPUs: 8 total, 8 available
 Memory: 16255M
 Large Page Support: Disabled
 NUMA Support: Disabled
 Compressed Oops: Enabled (32-bit)
 Heap Region Size: 1M
 Heap Min Capacity: 8M
 Heap Initial Capacity: 254M
 Heap Max Capacity: 2G
 Pre-touch: Disabled
 Parallel Workers: 8
 Concurrent Workers: 2
 Concurrent Refinement Workers: 8
 Periodic GC: Disabled

Heap:
 garbage-first heap   total 158720K, used 104138K [0x0000000080000000, 0x0000000100000000)
  region size 1024K, 29 young (29696K), 4 survivors (4096K)
 Metaspace       used 84885K, committed 86784K, reserved 552960K
  class space    used 11240K, committed 12160K, reserved 421888K

Heap Regions: E=young(eden), S=young(survivor), O=old, HS=humongous(starts), HC=humongous(continues), CS=collection set, F=free, OA=open archive, CA=closed archive, TAMS=top-at-mark-start, PB=parsable bottom
|   0|0x0000000080000000, 0x0000000080100000, 0x0000000080100000|100%|HS|  |TAMS 0x0000000080000000| PB 0x0000000080000000| Complete 
|   1|0x0000000080100000, 0x0000000080200000, 0x0000000080200000|100%|HC|  |TAMS 0x0000000080100000| PB 0x0000000080100000| Complete 
|   2|0x0000000080200000, 0x0000000080300000, 0x0000000080300000|100%|HC|  |TAMS 0x0000000080200000| PB 0x0000000080200000| Complete 
|   3|0x0000000080300000, 0x0000000080400000, 0x0000000080400000|100%|HC|  |TAMS 0x0000000080300000| PB 0x0000000080300000| Complete 
|   4|0x0000000080400000, 0x0000000080500000, 0x0000000080500000|100%| O|  |TAMS 0x0000000080400000| PB 0x0000000080400000| Untracked 
|   5|0x0000000080500000, 0x0000000080600000, 0x0000000080600000|100%| O|  |TAMS 0x0000000080500000| PB 0x0000000080500000| Untracked 
|   6|0x0000000080600000, 0x0000000080700000, 0x0000000080700000|100%| O|  |TAMS 0x0000000080600000| PB 0x0000000080600000| Untracked 
|   7|0x0000000080700000, 0x0000000080800000, 0x0000000080800000|100%| O|  |TAMS 0x0000000080700000| PB 0x0000000080700000| Untracked 
|   8|0x0000000080800000, 0x0000000080900000, 0x0000000080900000|100%| O|  |TAMS 0x0000000080800000| PB 0x0000000080800000| Untracked 
|   9|0x0000000080900000, 0x0000000080a00000, 0x0000000080a00000|100%| O|  |TAMS 0x0000000080900000| PB 0x0000000080900000| Untracked 
|  10|0x0000000080a00000, 0x0000000080b00000, 0x0000000080b00000|100%| O|  |TAMS 0x0000000080a00000| PB 0x0000000080a00000| Untracked 
|  11|0x0000000080b00000, 0x0000000080c00000, 0x0000000080c00000|100%| O|  |TAMS 0x0000000080b00000| PB 0x0000000080b00000| Untracked 
|  12|0x0000000080c00000, 0x0000000080d00000, 0x0000000080d00000|100%| O|  |TAMS 0x0000000080c00000| PB 0x0000000080c00000| Untracked 
|  13|0x0000000080d00000, 0x0000000080e00000, 0x0000000080e00000|100%| O|  |TAMS 0x0000000080d00000| PB 0x0000000080d00000| Untracked 
|  14|0x0000000080e00000, 0x0000000080f00000, 0x0000000080f00000|100%| O|  |TAMS 0x0000000080e00000| PB 0x0000000080e00000| Untracked 
|  15|0x0000000080f00000, 0x0000000081000000, 0x0000000081000000|100%| O|  |TAMS 0x0000000080f00000| PB 0x0000000080f00000| Untracked 
|  16|0x0000000081000000, 0x0000000081100000, 0x0000000081100000|100%| O|  |TAMS 0x0000000081000000| PB 0x0000000081000000| Untracked 
|  17|0x0000000081100000, 0x0000000081200000, 0x0000000081200000|100%| O|  |TAMS 0x0000000081100000| PB 0x0000000081100000| Untracked 
|  18|0x0000000081200000, 0x0000000081300000, 0x0000000081300000|100%| O|  |TAMS 0x0000000081200000| PB 0x0000000081200000| Untracked 
|  19|0x0000000081300000, 0x0000000081400000, 0x0000000081400000|100%| O|  |TAMS 0x0000000081300000| PB 0x0000000081300000| Untracked 
|  20|0x0000000081400000, 0x0000000081500000, 0x0000000081500000|100%| O|  |TAMS 0x0000000081400000| PB 0x0000000081400000| Untracked 
|  21|0x0000000081500000, 0x0000000081600000, 0x0000000081600000|100%| O|  |TAMS 0x0000000081500000| PB 0x0000000081500000| Untracked 
|  22|0x0000000081600000, 0x0000000081700000, 0x0000000081700000|100%| O|  |TAMS 0x0000000081600000| PB 0x0000000081600000| Untracked 
|  23|0x0000000081700000, 0x0000000081800000, 0x0000000081800000|100%| O|  |TAMS 0x0000000081700000| PB 0x0000000081700000| Untracked 
|  24|0x0000000081800000, 0x0000000081900000, 0x0000000081900000|100%| O|  |TAMS 0x0000000081800000| PB 0x0000000081800000| Untracked 
|  25|0x0000000081900000, 0x0000000081a00000, 0x0000000081a00000|100%| O|  |TAMS 0x0000000081900000| PB 0x0000000081900000| Untracked 
|  26|0x0000000081a00000, 0x0000000081b00000, 0x0000000081b00000|100%| O|  |TAMS 0x0000000081a00000| PB 0x0000000081a00000| Untracked 
|  27|0x0000000081b00000, 0x0000000081c00000, 0x0000000081c00000|100%| O|  |TAMS 0x0000000081b00000| PB 0x0000000081b00000| Untracked 
|  28|0x0000000081c00000, 0x0000000081d00000, 0x0000000081d00000|100%| O|  |TAMS 0x0000000081c00000| PB 0x0000000081c00000| Untracked 
|  29|0x0000000081d00000, 0x0000000081e00000, 0x0000000081e00000|100%| O|  |TAMS 0x0000000081d00000| PB 0x0000000081d00000| Untracked 
|  30|0x0000000081e00000, 0x0000000081f00000, 0x0000000081f00000|100%| O|  |TAMS 0x0000000081e00000| PB 0x0000000081e00000| Untracked 
|  31|0x0000000081f00000, 0x0000000082000000, 0x0000000082000000|100%| O|  |TAMS 0x0000000081f00000| PB 0x0000000081f00000| Untracked 
|  32|0x0000000082000000, 0x0000000082100000, 0x0000000082100000|100%| O|  |TAMS 0x0000000082000000| PB 0x0000000082000000| Untracked 
|  33|0x0000000082100000, 0x0000000082200000, 0x0000000082200000|100%| O|  |TAMS 0x0000000082100000| PB 0x0000000082100000| Complete 
|  34|0x0000000082200000, 0x0000000082300000, 0x0000000082300000|100%| O|  |TAMS 0x0000000082200000| PB 0x0000000082200000| Untracked 
|  35|0x0000000082300000, 0x0000000082400000, 0x0000000082400000|100%| O|  |TAMS 0x0000000082300000| PB 0x0000000082300000| Untracked 
|  36|0x0000000082400000, 0x0000000082500000, 0x0000000082500000|100%| O|  |TAMS 0x0000000082400000| PB 0x0000000082400000| Untracked 
|  37|0x0000000082500000, 0x0000000082600000, 0x0000000082600000|100%| O|  |TAMS 0x0000000082500000| PB 0x0000000082500000| Untracked 
|  38|0x0000000082600000, 0x0000000082700000, 0x0000000082700000|100%| O|  |TAMS 0x0000000082600000| PB 0x0000000082600000| Untracked 
|  39|0x0000000082700000, 0x0000000082800000, 0x0000000082800000|100%| O|  |TAMS 0x0000000082700000| PB 0x0000000082700000| Untracked 
|  40|0x0000000082800000, 0x0000000082900000, 0x0000000082900000|100%| O|  |TAMS 0x0000000082800000| PB 0x0000000082800000| Untracked 
|  41|0x0000000082900000, 0x0000000082a00000, 0x0000000082a00000|100%| O|  |TAMS 0x0000000082900000| PB 0x0000000082900000| Untracked 
|  42|0x0000000082a00000, 0x0000000082b00000, 0x0000000082b00000|100%| O|  |TAMS 0x0000000082a00000| PB 0x0000000082a00000| Untracked 
|  43|0x0000000082b00000, 0x0000000082c00000, 0x0000000082c00000|100%| O|  |TAMS 0x0000000082b00000| PB 0x0000000082b00000| Untracked 
|  44|0x0000000082c00000, 0x0000000082d00000, 0x0000000082d00000|100%| O|  |TAMS 0x0000000082c00000| PB 0x0000000082c00000| Untracked 
|  45|0x0000000082d00000, 0x0000000082d00000, 0x0000000082e00000|  0%| F|  |TAMS 0x0000000082d00000| PB 0x0000000082d00000| Untracked 
|  46|0x0000000082e00000, 0x0000000082f00000, 0x0000000082f00000|100%| O|  |TAMS 0x0000000082e00000| PB 0x0000000082e00000| Untracked 
|  47|0x0000000082f00000, 0x0000000083000000, 0x0000000083000000|100%| O|  |TAMS 0x0000000082f00000| PB 0x0000000082f00000| Untracked 
|  48|0x0000000083000000, 0x0000000083100000, 0x0000000083100000|100%| O|  |TAMS 0x0000000083000000| PB 0x0000000083000000| Untracked 
|  49|0x0000000083100000, 0x0000000083200000, 0x0000000083200000|100%| O|  |TAMS 0x0000000083100000| PB 0x0000000083100000| Complete 
|  50|0x0000000083200000, 0x0000000083300000, 0x0000000083300000|100%| O|  |TAMS 0x0000000083200000| PB 0x0000000083200000| Untracked 
|  51|0x0000000083300000, 0x0000000083400000, 0x0000000083400000|100%|HS|  |TAMS 0x0000000083300000| PB 0x0000000083300000| Complete 
|  52|0x0000000083400000, 0x0000000083500000, 0x0000000083500000|100%| O|  |TAMS 0x0000000083400000| PB 0x0000000083400000| Untracked 
|  53|0x0000000083500000, 0x0000000083600000, 0x0000000083600000|100%| O|  |TAMS 0x0000000083500000| PB 0x0000000083500000| Untracked 
|  54|0x0000000083600000, 0x0000000083700000, 0x0000000083700000|100%| O|  |TAMS 0x0000000083600000| PB 0x0000000083600000| Untracked 
|  55|0x0000000083700000, 0x0000000083800000, 0x0000000083800000|100%| O|  |TAMS 0x0000000083700000| PB 0x0000000083700000| Untracked 
|  56|0x0000000083800000, 0x0000000083900000, 0x0000000083900000|100%| O|  |TAMS 0x0000000083800000| PB 0x0000000083800000| Untracked 
|  57|0x0000000083900000, 0x0000000083a00000, 0x0000000083a00000|100%| O|  |TAMS 0x0000000083900000| PB 0x0000000083900000| Untracked 
|  58|0x0000000083a00000, 0x0000000083b00000, 0x0000000083b00000|100%| O|  |TAMS 0x0000000083a00000| PB 0x0000000083a00000| Untracked 
|  59|0x0000000083b00000, 0x0000000083c00000, 0x0000000083c00000|100%| O|  |TAMS 0x0000000083b00000| PB 0x0000000083b00000| Untracked 
|  60|0x0000000083c00000, 0x0000000083d00000, 0x0000000083d00000|100%| O|  |TAMS 0x0000000083c00000| PB 0x0000000083c00000| Untracked 
|  61|0x0000000083d00000, 0x0000000083e00000, 0x0000000083e00000|100%| O|  |TAMS 0x0000000083d00000| PB 0x0000000083d00000| Untracked 
|  62|0x0000000083e00000, 0x0000000083f00000, 0x0000000083f00000|100%| O|  |TAMS 0x0000000083e00000| PB 0x0000000083e00000| Untracked 
|  63|0x0000000083f00000, 0x0000000084000000, 0x0000000084000000|100%|HS|  |TAMS 0x0000000083f00000| PB 0x0000000083f00000| Complete 
|  64|0x0000000084000000, 0x0000000084100000, 0x0000000084100000|100%|HC|  |TAMS 0x0000000084000000| PB 0x0000000084000000| Complete 
|  65|0x0000000084100000, 0x0000000084200000, 0x0000000084200000|100%|HC|  |TAMS 0x0000000084100000| PB 0x0000000084100000| Complete 
|  66|0x0000000084200000, 0x0000000084300000, 0x0000000084300000|100%|HC|  |TAMS 0x0000000084200000| PB 0x0000000084200000| Complete 
|  67|0x0000000084300000, 0x0000000084400000, 0x0000000084400000|100%|HC|  |TAMS 0x0000000084300000| PB 0x0000000084300000| Complete 
|  68|0x0000000084400000, 0x0000000084500000, 0x0000000084500000|100%|HC|  |TAMS 0x0000000084400000| PB 0x0000000084400000| Complete 
|  69|0x0000000084500000, 0x0000000084500000, 0x0000000084600000|  0%| F|  |TAMS 0x0000000084500000| PB 0x0000000084500000| Untracked 
|  70|0x0000000084600000, 0x0000000084600000, 0x0000000084700000|  0%| F|  |TAMS 0x0000000084600000| PB 0x0000000084600000| Untracked 
|  71|0x0000000084700000, 0x0000000084700000, 0x0000000084800000|  0%| F|  |TAMS 0x0000000084700000| PB 0x0000000084700000| Untracked 
|  72|0x0000000084800000, 0x0000000084900000, 0x0000000084900000|100%| O|  |TAMS 0x0000000084800000| PB 0x0000000084800000| Untracked 
|  73|0x0000000084900000, 0x0000000084a00000, 0x0000000084a00000|100%| O|  |TAMS 0x0000000084900000| PB 0x0000000084900000| Untracked 
|  74|0x0000000084a00000, 0x0000000084b00000, 0x0000000084b00000|100%| O|  |TAMS 0x0000000084a00000| PB 0x0000000084a00000| Untracked 
|  75|0x0000000084b00000, 0x0000000084c00000, 0x0000000084c00000|100%| O|  |TAMS 0x0000000084b00000| PB 0x0000000084b00000| Untracked 
|  76|0x0000000084c00000, 0x0000000084d00000, 0x0000000084d00000|100%| O|  |TAMS 0x0000000084c00000| PB 0x0000000084c00000| Untracked 
|  77|0x0000000084d00000, 0x0000000084d00000, 0x0000000084e00000|  0%| F|  |TAMS 0x0000000084d00000| PB 0x0000000084d00000| Untracked 
|  78|0x0000000084e00000, 0x0000000084e00000, 0x0000000084f00000|  0%| F|  |TAMS 0x0000000084e00000| PB 0x0000000084e00000| Untracked 
|  79|0x0000000084f00000, 0x0000000084f00000, 0x0000000085000000|  0%| F|  |TAMS 0x0000000084f00000| PB 0x0000000084f00000| Untracked 
|  80|0x0000000085000000, 0x0000000085000000, 0x0000000085100000|  0%| F|  |TAMS 0x0000000085000000| PB 0x0000000085000000| Untracked 
|  81|0x0000000085100000, 0x0000000085100000, 0x0000000085200000|  0%| F|  |TAMS 0x0000000085100000| PB 0x0000000085100000| Untracked 
|  82|0x0000000085200000, 0x0000000085200000, 0x0000000085300000|  0%| F|  |TAMS 0x0000000085200000| PB 0x0000000085200000| Untracked 
|  83|0x0000000085300000, 0x0000000085300000, 0x0000000085400000|  0%| F|  |TAMS 0x0000000085300000| PB 0x0000000085300000| Untracked 
|  84|0x0000000085400000, 0x0000000085400000, 0x0000000085500000|  0%| F|  |TAMS 0x0000000085400000| PB 0x0000000085400000| Untracked 
|  85|0x0000000085500000, 0x0000000085500000, 0x0000000085600000|  0%| F|  |TAMS 0x0000000085500000| PB 0x0000000085500000| Untracked 
|  86|0x0000000085600000, 0x0000000085600000, 0x0000000085700000|  0%| F|  |TAMS 0x0000000085600000| PB 0x0000000085600000| Untracked 
|  87|0x0000000085700000, 0x0000000085700000, 0x0000000085800000|  0%| F|  |TAMS 0x0000000085700000| PB 0x0000000085700000| Untracked 
|  88|0x0000000085800000, 0x0000000085800000, 0x0000000085900000|  0%| F|  |TAMS 0x0000000085800000| PB 0x0000000085800000| Untracked 
|  89|0x0000000085900000, 0x0000000085900000, 0x0000000085a00000|  0%| F|  |TAMS 0x0000000085900000| PB 0x0000000085900000| Untracked 
|  90|0x0000000085a00000, 0x0000000085a00000, 0x0000000085b00000|  0%| F|  |TAMS 0x0000000085a00000| PB 0x0000000085a00000| Untracked 
|  91|0x0000000085b00000, 0x0000000085b00000, 0x0000000085c00000|  0%| F|  |TAMS 0x0000000085b00000| PB 0x0000000085b00000| Untracked 
|  92|0x0000000085c00000, 0x0000000085c00000, 0x0000000085d00000|  0%| F|  |TAMS 0x0000000085c00000| PB 0x0000000085c00000| Untracked 
|  93|0x0000000085d00000, 0x0000000085d00000, 0x0000000085e00000|  0%| F|  |TAMS 0x0000000085d00000| PB 0x0000000085d00000| Untracked 
|  94|0x0000000085e00000, 0x0000000085e00000, 0x0000000085f00000|  0%| F|  |TAMS 0x0000000085e00000| PB 0x0000000085e00000| Untracked 
|  95|0x0000000085f00000, 0x0000000085f00000, 0x0000000086000000|  0%| F|  |TAMS 0x0000000085f00000| PB 0x0000000085f00000| Untracked 
|  96|0x0000000086000000, 0x0000000086000000, 0x0000000086100000|  0%| F|  |TAMS 0x0000000086000000| PB 0x0000000086000000| Untracked 
|  97|0x0000000086100000, 0x0000000086100000, 0x0000000086200000|  0%| F|  |TAMS 0x0000000086100000| PB 0x0000000086100000| Untracked 
|  98|0x0000000086200000, 0x0000000086200000, 0x0000000086300000|  0%| F|  |TAMS 0x0000000086200000| PB 0x0000000086200000| Untracked 
|  99|0x0000000086300000, 0x0000000086300000, 0x0000000086400000|  0%| F|  |TAMS 0x0000000086300000| PB 0x0000000086300000| Untracked 
| 100|0x0000000086400000, 0x0000000086400000, 0x0000000086500000|  0%| F|  |TAMS 0x0000000086400000| PB 0x0000000086400000| Untracked 
| 101|0x0000000086500000, 0x00000000865b2bc0, 0x0000000086600000| 69%| S|CS|TAMS 0x0000000086500000| PB 0x0000000086500000| Complete 
| 102|0x0000000086600000, 0x0000000086700000, 0x0000000086700000|100%| S|CS|TAMS 0x0000000086600000| PB 0x0000000086600000| Complete 
| 103|0x0000000086700000, 0x0000000086800000, 0x0000000086800000|100%| S|CS|TAMS 0x0000000086700000| PB 0x0000000086700000| Complete 
| 104|0x0000000086800000, 0x0000000086900000, 0x0000000086900000|100%| S|CS|TAMS 0x0000000086800000| PB 0x0000000086800000| Complete 
| 105|0x0000000086900000, 0x0000000086900000, 0x0000000086a00000|  0%| F|  |TAMS 0x0000000086900000| PB 0x0000000086900000| Untracked 
| 106|0x0000000086a00000, 0x0000000086a00000, 0x0000000086b00000|  0%| F|  |TAMS 0x0000000086a00000| PB 0x0000000086a00000| Untracked 
| 107|0x0000000086b00000, 0x0000000086b00000, 0x0000000086c00000|  0%| F|  |TAMS 0x0000000086b00000| PB 0x0000000086b00000| Untracked 
| 108|0x0000000086c00000, 0x0000000086c00000, 0x0000000086d00000|  0%| F|  |TAMS 0x0000000086c00000| PB 0x0000000086c00000| Untracked 
| 109|0x0000000086d00000, 0x0000000086d00000, 0x0000000086e00000|  0%| F|  |TAMS 0x0000000086d00000| PB 0x0000000086d00000| Untracked 
| 110|0x0000000086e00000, 0x0000000086e00000, 0x0000000086f00000|  0%| F|  |TAMS 0x0000000086e00000| PB 0x0000000086e00000| Untracked 
| 111|0x0000000086f00000, 0x0000000086f00000, 0x0000000087000000|  0%| F|  |TAMS 0x0000000086f00000| PB 0x0000000086f00000| Untracked 
| 112|0x0000000087000000, 0x0000000087000000, 0x0000000087100000|  0%| F|  |TAMS 0x0000000087000000| PB 0x0000000087000000| Untracked 
| 113|0x0000000087100000, 0x0000000087100000, 0x0000000087200000|  0%| F|  |TAMS 0x0000000087100000| PB 0x0000000087100000| Untracked 
| 114|0x0000000087200000, 0x0000000087200000, 0x0000000087300000|  0%| F|  |TAMS 0x0000000087200000| PB 0x0000000087200000| Untracked 
| 115|0x0000000087300000, 0x0000000087300000, 0x0000000087400000|  0%| F|  |TAMS 0x0000000087300000| PB 0x0000000087300000| Untracked 
| 116|0x0000000087400000, 0x0000000087400000, 0x0000000087500000|  0%| F|  |TAMS 0x0000000087400000| PB 0x0000000087400000| Untracked 
| 117|0x0000000087500000, 0x0000000087500000, 0x0000000087600000|  0%| F|  |TAMS 0x0000000087500000| PB 0x0000000087500000| Untracked 
| 118|0x0000000087600000, 0x0000000087600000, 0x0000000087700000|  0%| F|  |TAMS 0x0000000087600000| PB 0x0000000087600000| Untracked 
| 119|0x0000000087700000, 0x0000000087700000, 0x0000000087800000|  0%| F|  |TAMS 0x0000000087700000| PB 0x0000000087700000| Untracked 
| 120|0x0000000087800000, 0x0000000087800000, 0x0000000087900000|  0%| F|  |TAMS 0x0000000087800000| PB 0x0000000087800000| Untracked 
| 121|0x0000000087900000, 0x0000000087900000, 0x0000000087a00000|  0%| F|  |TAMS 0x0000000087900000| PB 0x0000000087900000| Untracked 
| 122|0x0000000087a00000, 0x0000000087a00000, 0x0000000087b00000|  0%| F|  |TAMS 0x0000000087a00000| PB 0x0000000087a00000| Untracked 
| 123|0x0000000087b00000, 0x0000000087b00000, 0x0000000087c00000|  0%| F|  |TAMS 0x0000000087b00000| PB 0x0000000087b00000| Untracked 
| 124|0x0000000087c00000, 0x0000000087c00000, 0x0000000087d00000|  0%| F|  |TAMS 0x0000000087c00000| PB 0x0000000087c00000| Untracked 
| 125|0x0000000087d00000, 0x0000000087d00000, 0x0000000087e00000|  0%| F|  |TAMS 0x0000000087d00000| PB 0x0000000087d00000| Untracked 
| 126|0x0000000087e00000, 0x0000000087e00000, 0x0000000087f00000|  0%| F|  |TAMS 0x0000000087e00000| PB 0x0000000087e00000| Untracked 
| 127|0x0000000087f00000, 0x0000000087f00000, 0x0000000088000000|  0%| F|  |TAMS 0x0000000087f00000| PB 0x0000000087f00000| Untracked 
| 128|0x0000000088000000, 0x0000000088000000, 0x0000000088100000|  0%| F|  |TAMS 0x0000000088000000| PB 0x0000000088000000| Untracked 
| 129|0x0000000088100000, 0x0000000088200000, 0x0000000088200000|100%| E|  |TAMS 0x0000000088100000| PB 0x0000000088100000| Complete 
| 130|0x0000000088200000, 0x0000000088300000, 0x0000000088300000|100%| E|CS|TAMS 0x0000000088200000| PB 0x0000000088200000| Complete 
| 131|0x0000000088300000, 0x0000000088400000, 0x0000000088400000|100%| E|CS|TAMS 0x0000000088300000| PB 0x0000000088300000| Complete 
| 132|0x0000000088400000, 0x0000000088500000, 0x0000000088500000|100%| E|CS|TAMS 0x0000000088400000| PB 0x0000000088400000| Complete 
| 133|0x0000000088500000, 0x0000000088600000, 0x0000000088600000|100%| E|CS|TAMS 0x0000000088500000| PB 0x0000000088500000| Complete 
| 134|0x0000000088600000, 0x0000000088700000, 0x0000000088700000|100%| E|CS|TAMS 0x0000000088600000| PB 0x0000000088600000| Complete 
| 135|0x0000000088700000, 0x0000000088800000, 0x0000000088800000|100%| E|CS|TAMS 0x0000000088700000| PB 0x0000000088700000| Complete 
| 136|0x0000000088800000, 0x0000000088900000, 0x0000000088900000|100%| E|CS|TAMS 0x0000000088800000| PB 0x0000000088800000| Complete 
| 137|0x0000000088900000, 0x0000000088a00000, 0x0000000088a00000|100%| E|CS|TAMS 0x0000000088900000| PB 0x0000000088900000| Complete 
| 138|0x0000000088a00000, 0x0000000088b00000, 0x0000000088b00000|100%| E|CS|TAMS 0x0000000088a00000| PB 0x0000000088a00000| Complete 
| 139|0x0000000088b00000, 0x0000000088c00000, 0x0000000088c00000|100%| E|CS|TAMS 0x0000000088b00000| PB 0x0000000088b00000| Complete 
| 140|0x0000000088c00000, 0x0000000088d00000, 0x0000000088d00000|100%| E|CS|TAMS 0x0000000088c00000| PB 0x0000000088c00000| Complete 
| 141|0x0000000088d00000, 0x0000000088e00000, 0x0000000088e00000|100%| E|CS|TAMS 0x0000000088d00000| PB 0x0000000088d00000| Complete 
| 142|0x0000000088e00000, 0x0000000088f00000, 0x0000000088f00000|100%| E|CS|TAMS 0x0000000088e00000| PB 0x0000000088e00000| Complete 
| 143|0x0000000088f00000, 0x0000000089000000, 0x0000000089000000|100%| E|CS|TAMS 0x0000000088f00000| PB 0x0000000088f00000| Complete 
| 144|0x0000000089000000, 0x0000000089100000, 0x0000000089100000|100%| E|CS|TAMS 0x0000000089000000| PB 0x0000000089000000| Complete 
| 145|0x0000000089100000, 0x0000000089200000, 0x0000000089200000|100%| E|CS|TAMS 0x0000000089100000| PB 0x0000000089100000| Complete 
| 146|0x0000000089200000, 0x0000000089300000, 0x0000000089300000|100%| E|CS|TAMS 0x0000000089200000| PB 0x0000000089200000| Complete 
| 147|0x0000000089300000, 0x0000000089400000, 0x0000000089400000|100%| E|CS|TAMS 0x0000000089300000| PB 0x0000000089300000| Complete 
| 148|0x0000000089400000, 0x0000000089500000, 0x0000000089500000|100%| E|CS|TAMS 0x0000000089400000| PB 0x0000000089400000| Complete 
| 149|0x0000000089500000, 0x0000000089600000, 0x0000000089600000|100%| E|CS|TAMS 0x0000000089500000| PB 0x0000000089500000| Complete 
| 150|0x0000000089600000, 0x0000000089700000, 0x0000000089700000|100%| E|CS|TAMS 0x0000000089600000| PB 0x0000000089600000| Complete 
| 252|0x000000008fc00000, 0x000000008fd00000, 0x000000008fd00000|100%| E|CS|TAMS 0x000000008fc00000| PB 0x000000008fc00000| Complete 
| 253|0x000000008fd00000, 0x000000008fe00000, 0x000000008fe00000|100%| E|CS|TAMS 0x000000008fd00000| PB 0x000000008fd00000| Complete 
|2046|0x00000000ffe00000, 0x00000000fff00000, 0x00000000fff00000|100%| E|CS|TAMS 0x00000000ffe00000| PB 0x00000000ffe00000| Complete 
|2047|0x00000000fff00000, 0x0000000100000000, 0x0000000100000000|100%| O|  |TAMS 0x00000000fff00000| PB 0x00000000fff00000| Untracked 

Card table byte_map: [0x000001f875ba0000,0x000001f875fa0000] _byte_map_base: 0x000001f8757a0000

Marking Bits: (CMBitMap*) 0x000001f85e405e00
 Bits: [0x000001f8763a0000, 0x000001f8783a0000)

Polling page: 0x000001f85c360000

Metaspace:

Usage:
  Non-class:     71.97 MB used.
      Class:     10.98 MB used.
       Both:     82.95 MB used.

Virtual space:
  Non-class space:      128.00 MB reserved,      72.94 MB ( 57%) committed,  2 nodes.
      Class space:      412.00 MB reserved,      11.88 MB (  3%) committed,  1 nodes.
             Both:      540.00 MB reserved,      84.81 MB ( 16%) committed. 

Chunk freelists:
   Non-Class:  2.80 MB
       Class:  144.00 KB
        Both:  2.94 MB

MaxMetaspaceSize: 512.00 MB
CompressedClassSpaceSize: 412.00 MB
Initial GC threshold: 21.00 MB
Current GC threshold: 136.50 MB
CDS: on
MetaspaceReclaimPolicy: balanced
 - commit_granule_bytes: 65536.
 - commit_granule_words: 8192.
 - virtual_space_node_default_size: 8388608.
 - enlarge_chunks_in_place: 1.
 - new_chunks_are_fully_committed: 0.
 - uncommit_free_chunks: 1.
 - use_allocation_guard: 0.


Internal statistics:

num_allocs_failed_limit: 6.
num_arena_births: 3258.
num_arena_deaths: 4.
num_vsnodes_births: 3.
num_vsnodes_deaths: 0.
num_space_committed: 1355.
num_space_uncommitted: 0.
num_chunks_returned_to_freelist: 22.
num_chunks_taken_from_freelist: 6617.
num_chunk_merges: 8.
num_chunk_splits: 4732.
num_chunks_enlarged: 3365.
num_inconsistent_stats: 0.

CodeHeap 'non-profiled nmethods': size=120000Kb used=4017Kb max_used=4017Kb free=115982Kb
 bounds [0x000001f86df40000, 0x000001f86e330000, 0x000001f875470000]
CodeHeap 'profiled nmethods': size=120000Kb used=14248Kb max_used=14248Kb free=105751Kb
 bounds [0x000001f866470000, 0x000001f867260000, 0x000001f86d9a0000]
CodeHeap 'non-nmethods': size=5760Kb used=2917Kb max_used=2961Kb free=2842Kb
 bounds [0x000001f86d9a0000, 0x000001f86dc90000, 0x000001f86df40000]
 total_blobs=8187 nmethods=7223 adapters=873
 compilation: enabled
              stopped_count=0, restarted_count=0
 full_count=0

Compilation events (20 events):
Event: 17.015 Thread 0x000001f87f03c920 8599       3       org.jetbrains.kotlin.cli.jvm.compiler.CliVirtualFileFinder$findBinaryOrSigClass$1::invoke (13 bytes)
Event: 17.016 Thread 0x000001f87f03c920 nmethod 8599 0x000001f867205810 code [0x000001f8672059c0, 0x000001f867205cd8]
Event: 17.016 Thread 0x000001f87f03c920 8600       3       org.jetbrains.kotlin.cli.jvm.compiler.CliVirtualFileFinder$findBinaryOrSigClass$1::invoke (73 bytes)
Event: 17.017 Thread 0x000001f87f03c920 nmethod 8600 0x000001f867205d90 code [0x000001f8672060c0, 0x000001f8672071b8]
Event: 17.017 Thread 0x000001f87f03c920 8601       3       org.jetbrains.kotlin.load.kotlin.FileBasedKotlinClass::resolveNameByInternalName (178 bytes)
Event: 17.018 Thread 0x000001f87f03c920 nmethod 8601 0x000001f867207810 code [0x000001f867207c40, 0x000001f867209998]
Event: 17.019 Thread 0x000001f87f03c920 8606       3       org.jetbrains.kotlin.load.kotlin.FileBasedKotlinClass$3::visitArray (42 bytes)
Event: 17.020 Thread 0x000001f87f03c920 nmethod 8606 0x000001f86720a510 code [0x000001f86720a720, 0x000001f86720aec0]
Event: 17.020 Thread 0x000001f87f03c920 8602       3       kotlin.sequences.TransformingSequence::<init> (27 bytes)
Event: 17.020 Thread 0x000001f87f03c920 nmethod 8602 0x000001f86720b190 code [0x000001f86720b400, 0x000001f86720bf28]
Event: 17.020 Thread 0x000001f87f03c920 8603       3       kotlin.sequences.TransformingSequence::iterator (12 bytes)
Event: 17.020 Thread 0x000001f87f03c920 nmethod 8603 0x000001f86720c310 code [0x000001f86720c4c0, 0x000001f86720c880]
Event: 17.020 Thread 0x000001f87f03c920 8607       3       org.jetbrains.kotlin.load.kotlin.FileBasedKotlinClass::resolveNameByDesc (87 bytes)
Event: 17.021 Thread 0x000001f87f03c920 nmethod 8607 0x000001f86720ca10 code [0x000001f86720cbe0, 0x000001f86720cf20]
Event: 17.021 Thread 0x000001f87f03c920 8604       3       kotlin.sequences.TransformingSequence$iterator$1::<init> (23 bytes)
Event: 17.021 Thread 0x000001f87f03c920 nmethod 8604 0x000001f86720d110 code [0x000001f86720d2c0, 0x000001f86720d5c8]
Event: 17.021 Thread 0x000001f87f03c920 8605       3       kotlin.sequences.SequencesKt___SequencesKt::filterNotNull (24 bytes)
Event: 17.021 Thread 0x000001f87f03c920 nmethod 8605 0x000001f86720d710 code [0x000001f86720d980, 0x000001f86720e368]
Event: 17.021 Thread 0x000001f87f03c920 8608       3       org.jetbrains.kotlin.load.kotlin.FileBasedKotlinClass::convertAnnotationVisitor (56 bytes)
Event: 17.022 Thread 0x000001f87f03c920 nmethod 8608 0x000001f86720e710 code [0x000001f86720e8e0, 0x000001f86720eca0]

GC Heap History (20 events):
Event: 13.453 GC heap before
{Heap before GC invocations=13 (full 0):
 garbage-first heap   total 104448K, used 90774K [0x0000000080000000, 0x0000000100000000)
  region size 1024K, 51 young (52224K), 7 survivors (7168K)
 Metaspace       used 44256K, committed 45696K, reserved 487424K
  class space    used 6077K, committed 6784K, reserved 421888K
}
Event: 13.459 GC heap after
{Heap after GC invocations=14 (full 0):
 garbage-first heap   total 104448K, used 47627K [0x0000000080000000, 0x0000000100000000)
  region size 1024K, 4 young (4096K), 4 survivors (4096K)
 Metaspace       used 44256K, committed 45696K, reserved 487424K
  class space    used 6077K, committed 6784K, reserved 421888K
}
Event: 13.948 GC heap before
{Heap before GC invocations=14 (full 0):
 garbage-first heap   total 104448K, used 93707K [0x0000000080000000, 0x0000000100000000)
  region size 1024K, 48 young (49152K), 4 survivors (4096K)
 Metaspace       used 50888K, committed 52288K, reserved 487424K
  class space    used 7305K, committed 8000K, reserved 421888K
}
Event: 13.951 GC heap after
{Heap after GC invocations=15 (full 0):
 garbage-first heap   total 104448K, used 49370K [0x0000000080000000, 0x0000000100000000)
  region size 1024K, 2 young (2048K), 2 survivors (2048K)
 Metaspace       used 50888K, committed 52288K, reserved 487424K
  class space    used 7305K, committed 8000K, reserved 421888K
}
Event: 14.362 GC heap before
{Heap before GC invocations=15 (full 0):
 garbage-first heap   total 104448K, used 94426K [0x0000000080000000, 0x0000000100000000)
  region size 1024K, 46 young (47104K), 2 survivors (2048K)
 Metaspace       used 57282K, committed 58752K, reserved 487424K
  class space    used 8103K, committed 8832K, reserved 421888K
}
Event: 14.365 GC heap after
{Heap after GC invocations=16 (full 0):
 garbage-first heap   total 104448K, used 50544K [0x0000000080000000, 0x0000000100000000)
  region size 1024K, 3 young (3072K), 3 survivors (3072K)
 Metaspace       used 57282K, committed 58752K, reserved 487424K
  class space    used 8103K, committed 8832K, reserved 421888K
}
Event: 14.790 GC heap before
{Heap before GC invocations=17 (full 0):
 garbage-first heap   total 104448K, used 101744K [0x0000000080000000, 0x0000000100000000)
  region size 1024K, 46 young (47104K), 3 survivors (3072K)
 Metaspace       used 62868K, committed 64320K, reserved 487424K
  class space    used 8772K, committed 9472K, reserved 421888K
}
Event: 14.795 GC heap after
{Heap after GC invocations=18 (full 0):
 garbage-first heap   total 108544K, used 60982K [0x0000000080000000, 0x0000000100000000)
  region size 1024K, 6 young (6144K), 6 survivors (6144K)
 Metaspace       used 62868K, committed 64320K, reserved 487424K
  class space    used 8772K, committed 9472K, reserved 421888K
}
Event: 15.007 GC heap before
{Heap before GC invocations=18 (full 0):
 garbage-first heap   total 108544K, used 95798K [0x0000000080000000, 0x0000000100000000)
  region size 1024K, 40 young (40960K), 6 survivors (6144K)
 Metaspace       used 63865K, committed 65344K, reserved 487424K
  class space    used 8875K, committed 9600K, reserved 421888K
}
Event: 15.016 GC heap after
{Heap after GC invocations=19 (full 0):
 garbage-first heap   total 110592K, used 60230K [0x0000000080000000, 0x0000000100000000)
  region size 1024K, 5 young (5120K), 5 survivors (5120K)
 Metaspace       used 63865K, committed 65344K, reserved 487424K
  class space    used 8875K, committed 9600K, reserved 421888K
}
Event: 15.271 GC heap before
{Heap before GC invocations=19 (full 0):
 garbage-first heap   total 110592K, used 83782K [0x0000000080000000, 0x0000000100000000)
  region size 1024K, 29 young (29696K), 5 survivors (5120K)
 Metaspace       used 67236K, committed 68736K, reserved 487424K
  class space    used 9250K, committed 9984K, reserved 421888K
}
Event: 15.276 GC heap after
{Heap after GC invocations=20 (full 0):
 garbage-first heap   total 137216K, used 62662K [0x0000000080000000, 0x0000000100000000)
  region size 1024K, 2 young (2048K), 2 survivors (2048K)
 Metaspace       used 67236K, committed 68736K, reserved 487424K
  class space    used 9250K, committed 9984K, reserved 421888K
}
Event: 15.881 GC heap before
{Heap before GC invocations=21 (full 0):
 garbage-first heap   total 137216K, used 129222K [0x0000000080000000, 0x0000000100000000)
  region size 1024K, 60 young (61440K), 2 survivors (2048K)
 Metaspace       used 73767K, committed 75392K, reserved 487424K
  class space    used 9895K, committed 10688K, reserved 421888K
}
Event: 15.884 GC heap after
{Heap after GC invocations=22 (full 0):
 garbage-first heap   total 137216K, used 73497K [0x0000000080000000, 0x0000000100000000)
  region size 1024K, 6 young (6144K), 6 survivors (6144K)
 Metaspace       used 73767K, committed 75392K, reserved 487424K
  class space    used 9895K, committed 10688K, reserved 421888K
}
Event: 16.388 GC heap before
{Heap before GC invocations=22 (full 0):
 garbage-first heap   total 137216K, used 121625K [0x0000000080000000, 0x0000000100000000)
  region size 1024K, 53 young (54272K), 6 survivors (6144K)
 Metaspace       used 79706K, committed 81600K, reserved 552960K
  class space    used 10663K, committed 11584K, reserved 421888K
}
Event: 16.394 GC heap after
{Heap after GC invocations=23 (full 0):
 garbage-first heap   total 137216K, used 76025K [0x0000000080000000, 0x0000000100000000)
  region size 1024K, 4 young (4096K), 4 survivors (4096K)
 Metaspace       used 79706K, committed 81600K, reserved 552960K
  class space    used 10663K, committed 11584K, reserved 421888K
}
Event: 16.573 GC heap before
{Heap before GC invocations=23 (full 0):
 garbage-first heap   total 137216K, used 91385K [0x0000000080000000, 0x0000000100000000)
  region size 1024K, 20 young (20480K), 4 survivors (4096K)
 Metaspace       used 81902K, committed 83712K, reserved 552960K
  class space    used 10934K, committed 11840K, reserved 421888K
}
Event: 16.577 GC heap after
{Heap after GC invocations=24 (full 0):
 garbage-first heap   total 137216K, used 76817K [0x0000000080000000, 0x0000000100000000)
  region size 1024K, 5 young (5120K), 5 survivors (5120K)
 Metaspace       used 81902K, committed 83712K, reserved 552960K
  class space    used 10934K, committed 11840K, reserved 421888K
}
Event: 16.946 GC heap before
{Heap before GC invocations=25 (full 0):
 garbage-first heap   total 158720K, used 122897K [0x0000000080000000, 0x0000000100000000)
  region size 1024K, 49 young (50176K), 5 survivors (5120K)
 Metaspace       used 84111K, committed 86016K, reserved 552960K
  class space    used 11176K, committed 12096K, reserved 421888K
}
Event: 16.950 GC heap after
{Heap after GC invocations=26 (full 0):
 garbage-first heap   total 158720K, used 79562K [0x0000000080000000, 0x0000000100000000)
  region size 1024K, 4 young (4096K), 4 survivors (4096K)
 Metaspace       used 84111K, committed 86016K, reserved 552960K
  class space    used 11176K, committed 12096K, reserved 421888K
}

Dll operation events (15 events):
Event: 0.006 Loaded shared library C:\Program Files\OpenJDK\jdk-20.0.2\bin\java.dll
Event: 0.022 Loaded shared library C:\Program Files\OpenJDK\jdk-20.0.2\bin\jsvml.dll
Event: 0.064 Loaded shared library C:\Program Files\OpenJDK\jdk-20.0.2\bin\zip.dll
Event: 0.065 Loaded shared library C:\Program Files\OpenJDK\jdk-20.0.2\bin\instrument.dll
Event: 0.068 Loaded shared library C:\Program Files\OpenJDK\jdk-20.0.2\bin\net.dll
Event: 0.069 Loaded shared library C:\Program Files\OpenJDK\jdk-20.0.2\bin\nio.dll
Event: 0.073 Loaded shared library C:\Program Files\OpenJDK\jdk-20.0.2\bin\zip.dll
Event: 0.234 Loaded shared library C:\Program Files\OpenJDK\jdk-20.0.2\bin\jimage.dll
Event: 0.274 Loaded shared library C:\Program Files\OpenJDK\jdk-20.0.2\bin\verify.dll
Event: 0.385 Loaded shared library C:\Users\Hamza tabani\.gradle\native\68d5fa5c4cc2d200863cafc0d521ce42e7d3e7ee720ec0a83991735586a16f82\windows-amd64\native-platform.dll
Event: 0.390 Loaded shared library C:\Users\Hamza tabani\.gradle\native\e376f236ea51e6404a007f0833ffe2c6e607c4080706a723a18a27aeea778392\windows-amd64\native-platform-file-events.dll
Event: 1.012 Loaded shared library C:\Program Files\OpenJDK\jdk-20.0.2\bin\management.dll
Event: 1.014 Loaded shared library C:\Program Files\OpenJDK\jdk-20.0.2\bin\management_ext.dll
Event: 1.163 Loaded shared library C:\Program Files\OpenJDK\jdk-20.0.2\bin\extnet.dll
Event: 1.272 Loaded shared library C:\Program Files\OpenJDK\jdk-20.0.2\bin\sunmscapi.dll

Deoptimization events (20 events):
Event: 16.728 Thread 0x000001f81bf845b0 Uncommon trap: trap_request=0xffffffbe fr.pc=0x000001f86e0c5924 relative=0x0000000000000bc4
Event: 16.728 Thread 0x000001f81bf845b0 Uncommon trap: reason=profile_predicate action=maybe_recompile pc=0x000001f86e0c5924 method=gnu.trove.TObjectHash.insertionIndex(Ljava/lang/Object;)I @ 115 c2
Event: 16.728 Thread 0x000001f81bf845b0 DEOPT PACKING pc=0x000001f86e0c5924 sp=0x000000c2c9af2cb0
Event: 16.728 Thread 0x000001f81bf845b0 DEOPT UNPACKING pc=0x000001f86da09d22 sp=0x000000c2c9af2c50 mode 2
Event: 16.731 Thread 0x000001f81bf845b0 Uncommon trap: trap_request=0xffffffbe fr.pc=0x000001f86e0c5924 relative=0x0000000000000bc4
Event: 16.731 Thread 0x000001f81bf845b0 Uncommon trap: reason=profile_predicate action=maybe_recompile pc=0x000001f86e0c5924 method=gnu.trove.TObjectHash.insertionIndex(Ljava/lang/Object;)I @ 115 c2
Event: 16.731 Thread 0x000001f81bf845b0 DEOPT PACKING pc=0x000001f86e0c5924 sp=0x000000c2c9af2a60
Event: 16.731 Thread 0x000001f81bf845b0 DEOPT UNPACKING pc=0x000001f86da09d22 sp=0x000000c2c9af2a00 mode 2
Event: 16.793 Thread 0x000001f81bf845b0 Uncommon trap: trap_request=0xffffffde fr.pc=0x000001f86e327074 relative=0x0000000000000074
Event: 16.793 Thread 0x000001f81bf845b0 Uncommon trap: reason=class_check action=maybe_recompile pc=0x000001f86e327074 method=java.util.Collections$UnmodifiableCollection.size()I @ 4 c2
Event: 16.793 Thread 0x000001f81bf845b0 DEOPT PACKING pc=0x000001f86e327074 sp=0x000000c2c9af2690
Event: 16.793 Thread 0x000001f81bf845b0 DEOPT UNPACKING pc=0x000001f86da09d22 sp=0x000000c2c9af2618 mode 2
Event: 16.793 Thread 0x000001f81bf845b0 Uncommon trap: trap_request=0xffffffde fr.pc=0x000001f86e327074 relative=0x0000000000000074
Event: 16.793 Thread 0x000001f81bf845b0 Uncommon trap: reason=class_check action=maybe_recompile pc=0x000001f86e327074 method=java.util.Collections$UnmodifiableCollection.size()I @ 4 c2
Event: 16.793 Thread 0x000001f81bf845b0 DEOPT PACKING pc=0x000001f86e327074 sp=0x000000c2c9af2a60
Event: 16.793 Thread 0x000001f81bf845b0 DEOPT UNPACKING pc=0x000001f86da09d22 sp=0x000000c2c9af29f0 mode 2
Event: 16.997 Thread 0x000001f81bf845b0 DEOPT PACKING pc=0x000001f867125023 sp=0x000000c2c9af2c50
Event: 16.997 Thread 0x000001f81bf845b0 DEOPT UNPACKING pc=0x000001f86da0a4c2 sp=0x000000c2c9af2128 mode 0
Event: 16.997 Thread 0x000001f81bf845b0 DEOPT PACKING pc=0x000001f867125023 sp=0x000000c2c9af2c50
Event: 16.997 Thread 0x000001f81bf845b0 DEOPT UNPACKING pc=0x000001f86da0a4c2 sp=0x000000c2c9af2128 mode 0

Classes loaded (20 events):
Event: 14.716 Loading class java/io/UTFDataFormatException
Event: 14.716 Loading class java/io/UTFDataFormatException done
Event: 14.754 Loading class java/util/zip/ZipFile$ZipEntryIterator
Event: 14.754 Loading class java/util/zip/ZipFile$ZipEntryIterator done
Event: 14.910 Loading class java/nio/channels/Channels$ReadableByteChannelImpl
Event: 14.910 Loading class java/nio/channels/Channels$ReadableByteChannelImpl done
Event: 14.911 Loading class java/nio/channels/NonWritableChannelException
Event: 14.911 Loading class java/nio/channels/NonWritableChannelException done
Event: 16.189 Loading class java/text/StringCharacterIterator
Event: 16.189 Loading class java/text/CharacterIterator
Event: 16.189 Loading class java/text/CharacterIterator done
Event: 16.189 Loading class java/text/StringCharacterIterator done
Event: 16.218 Loading class java/io/NotSerializableException
Event: 16.218 Loading class java/io/NotSerializableException done
Event: 16.383 Loading class java/util/function/IntUnaryOperator
Event: 16.383 Loading class java/util/function/IntUnaryOperator done
Event: 16.420 Loading class java/util/AbstractList$SubList
Event: 16.420 Loading class java/util/AbstractList$SubList done
Event: 16.420 Loading class java/util/AbstractList$SubList$1
Event: 16.420 Loading class java/util/AbstractList$SubList$1 done

Classes unloaded (20 events):
Event: 14.396 Thread 0x000001f87ae13120 Unloading class 0x000001f801641740 'ReactNativeModules$_generateRncliCpp_closure14'
Event: 14.396 Thread 0x000001f87ae13120 Unloading class 0x000001f801641360 'ReactNativeModules$_generateRncliCpp_closure13'
Event: 14.396 Thread 0x000001f87ae13120 Unloading class 0x000001f801640f80 'ReactNativeModules$_generateRncliCpp_closure12$_closure21'
Event: 14.396 Thread 0x000001f87ae13120 Unloading class 0x000001f801640ba0 'ReactNativeModules$_generateRncliCpp_closure12'
Event: 14.396 Thread 0x000001f87ae13120 Unloading class 0x000001f8016407c0 'ReactNativeModules$_generateRncliCpp_closure11'
Event: 14.396 Thread 0x000001f87ae13120 Unloading class 0x000001f8016403e0 'ReactNativeModules$_generateRncliCpp_closure10'
Event: 14.396 Thread 0x000001f87ae13120 Unloading class 0x000001f801640000 'ReactNativeModules$_generateCmakeFile_closure9'
Event: 14.396 Thread 0x000001f87ae13120 Unloading class 0x000001f80163eba0 'ReactNativeModules$_generateCmakeFile_closure8'
Event: 14.396 Thread 0x000001f87ae13120 Unloading class 0x000001f80163e7c0 'ReactNativeModules$_generateCmakeFile_closure7'
Event: 14.396 Thread 0x000001f87ae13120 Unloading class 0x000001f80163e3e0 'ReactNativeModules$_generatePackagesFile_closure6'
Event: 14.396 Thread 0x000001f87ae13120 Unloading class 0x000001f80163e000 'ReactNativeModules$_generatePackagesFile_closure5'
Event: 14.396 Thread 0x000001f87ae13120 Unloading class 0x000001f80163dba0 'ReactNativeModules$_generatePackagesFile_closure4'
Event: 14.396 Thread 0x000001f87ae13120 Unloading class 0x000001f80163d7c0 'ReactNativeModules$_generatePackagesFile_closure3$_closure20'
Event: 14.396 Thread 0x000001f87ae13120 Unloading class 0x000001f80163d3e0 'ReactNativeModules$_generatePackagesFile_closure3'
Event: 14.396 Thread 0x000001f87ae13120 Unloading class 0x000001f80163d000 'ReactNativeModules$_addReactNativeModuleDependencies_closure2$_closure18$_closure19'
Event: 14.396 Thread 0x000001f87ae13120 Unloading class 0x000001f80163ca68 'ReactNativeModules$_addReactNativeModuleDependencies_closure2$_closure18'
Event: 14.396 Thread 0x000001f87ae13120 Unloading class 0x000001f80163c688 'ReactNativeModules$_addReactNativeModuleDependencies_closure2'
Event: 14.396 Thread 0x000001f87ae13120 Unloading class 0x000001f80163c2a8 'ReactNativeModules$_addReactNativeModuleProjects_closure1'
Event: 14.396 Thread 0x000001f87ae13120 Unloading class 0x000001f80163c000 'ReactNativeModules'
Event: 14.396 Thread 0x000001f87ae13120 Unloading class 0x000001f8015f4000 '_BuildScript_'

Classes redefined (0 events):
No events

Internal exceptions (20 events):
Event: 14.881 Thread 0x000001f81bf845b0 Implicit null exception at 0x000001f86e08f767 to 0x000001f86e08fd88
Event: 14.887 Thread 0x000001f81bf845b0 Implicit null exception at 0x000001f86e08a481 to 0x000001f86e08c2c8
Event: 15.868 Thread 0x000001f81bf845b0 Exception <a 'java/lang/NoSuchMethodError'{0x0000000084926438}: 'java.lang.Object java.lang.invoke.DirectMethodHandle$Holder.newInvokeSpecial(java.lang.Object, java.lang.Object, java.lang.Object, java.lang.Object, java.lang.Object, java.lang.Object, java.lang.Object, java.lang.Object, java.lang.Object, java.lang.Object, java.lang.Object, java.lang.Object, java.lang.Object, java.lang.Object)'> (0x0000000084926438) 
thrown [s\open\src\hotspot\share\interpreter\linkResolver.cpp, line 773]
Event: 15.871 Thread 0x000001f81bf845b0 Exception <a 'java/lang/NoSuchMethodError'{0x0000000084985ac0}: 'java.lang.Object java.lang.invoke.DirectMethodHandle$Holder.newInvokeSpecial(java.lang.Object, java.lang.Object, java.lang.Object, java.lang.Object, java.lang.Object, java.lang.Object, java.lang.Object, java.lang.Object, java.lang.Object, java.lang.Object, java.lang.Object, java.lang.Object, java.lang.Object, java.lang.Object, java.lang.Object, java.lang.Object, java.lang.Object, java.lang.Object, java.lang.Object)'> (0x0000000084985ac0) 
thr
Event: 15.871 Thread 0x000001f81bf845b0 Exception <a 'java/lang/NoSuchMethodError'{0x000000008498d2f0}: 'java.lang.Object java.lang.invoke.DirectMethodHandle$Holder.invokeSpecial(java.lang.Object, java.lang.Object, java.lang.Object, java.lang.Object, java.lang.Object, java.lang.Object, java.lang.Object, java.lang.Object, java.lang.Object, java.lang.Object, java.lang.Object, java.lang.Object, java.lang.Object, java.lang.Object, java.lang.Object, java.lang.Object, java.lang.Object, java.lang.Object, java.lang.Object, java.lang.Object)'> (0x0000000
Event: 15.871 Thread 0x000001f81bf845b0 Exception <a 'java/lang/NoSuchMethodError'{0x00000000849938a0}: 'java.lang.Object java.lang.invoke.DelegatingMethodHandle$Holder.reinvoke_L(java.lang.Object, java.lang.Object, java.lang.Object, java.lang.Object, java.lang.Object, java.lang.Object, java.lang.Object, java.lang.Object, java.lang.Object, java.lang.Object, java.lang.Object, java.lang.Object, java.lang.Object, java.lang.Object, java.lang.Object, java.lang.Object, java.lang.Object, java.lang.Object, java.lang.Object)'> (0x00000000849938a0) 
throw
Event: 15.879 Thread 0x000001f81bf845b0 Exception <a 'java/lang/NoSuchMethodError'{0x000000008486e090}: 'java.lang.Object java.lang.invoke.DirectMethodHandle$Holder.newInvokeSpecial(java.lang.Object, java.lang.Object, java.lang.Object, java.lang.Object, java.lang.Object, java.lang.Object, java.lang.Object, java.lang.Object, java.lang.Object, java.lang.Object, java.lang.Object, java.lang.Object, java.lang.Object, java.lang.Object, java.lang.Object, java.lang.Object, java.lang.Object, java.lang.Object, java.lang.Object, java.lang.Object, java.lang
Event: 15.897 Thread 0x000001f81bf845b0 Exception <a 'java/lang/NoSuchMethodError'{0x000000008fc54708}: 'java.lang.Object java.lang.invoke.DirectMethodHandle$Holder.newInvokeSpecial(java.lang.Object, java.lang.Object, java.lang.Object, java.lang.Object, java.lang.Object, java.lang.Object, java.lang.Object, java.lang.Object, java.lang.Object, java.lang.Object, java.lang.Object, java.lang.Object, java.lang.Object, java.lang.Object, java.lang.Object, java.lang.Object, java.lang.Object, java.lang.Object, java.lang.Object, java.lang.Object)'> (0x0000
Event: 15.954 Thread 0x000001f81bf845b0 Exception <a 'java/lang/NoSuchMethodError'{0x0000000089351fd8}: 'java.lang.Object java.lang.invoke.DirectMethodHandle$Holder.newInvokeSpecial(java.lang.Object, java.lang.Object, java.lang.Object, java.lang.Object, java.lang.Object, java.lang.Object, java.lang.Object, java.lang.Object, java.lang.Object, java.lang.Object, java.lang.Object, java.lang.Object, java.lang.Object, java.lang.Object, java.lang.Object, java.lang.Object)'> (0x0000000089351fd8) 
thrown [s\open\src\hotspot\share\interpreter\linkResolver
Event: 15.954 Thread 0x000001f81bf845b0 Exception <a 'java/lang/NoSuchMethodError'{0x0000000089358fe8}: 'java.lang.Object java.lang.invoke.DirectMethodHandle$Holder.invokeSpecial(java.lang.Object, java.lang.Object, java.lang.Object, java.lang.Object, java.lang.Object, java.lang.Object, java.lang.Object, java.lang.Object, java.lang.Object, java.lang.Object, java.lang.Object, java.lang.Object, java.lang.Object, java.lang.Object, java.lang.Object, java.lang.Object, java.lang.Object)'> (0x0000000089358fe8) 
thrown [s\open\src\hotspot\share\interpret
Event: 15.954 Thread 0x000001f81bf845b0 Exception <a 'java/lang/NoSuchMethodError'{0x000000008935f118}: 'java.lang.Object java.lang.invoke.DelegatingMethodHandle$Holder.reinvoke_L(java.lang.Object, java.lang.Object, java.lang.Object, java.lang.Object, java.lang.Object, java.lang.Object, java.lang.Object, java.lang.Object, java.lang.Object, java.lang.Object, java.lang.Object, java.lang.Object, java.lang.Object, java.lang.Object, java.lang.Object, java.lang.Object)'> (0x000000008935f118) 
thrown [s\open\src\hotspot\share\interpreter\linkResolver.c
Event: 15.960 Thread 0x000001f81bf845b0 Exception <a 'java/lang/NoSuchMethodError'{0x0000000089212960}: 'java.lang.Object java.lang.invoke.DirectMethodHandle$Holder.newInvokeSpecial(java.lang.Object, java.lang.Object, java.lang.Object, java.lang.Object, java.lang.Object, java.lang.Object, java.lang.Object, java.lang.Object, java.lang.Object, java.lang.Object, java.lang.Object, java.lang.Object, java.lang.Object, java.lang.Object, java.lang.Object, java.lang.Object, java.lang.Object, java.lang.Object)'> (0x0000000089212960) 
thrown [s\open\src\ho
Event: 15.960 Thread 0x000001f81bf845b0 Exception <a 'java/lang/NoSuchMethodError'{0x0000000089219c48}: 'java.lang.Object java.lang.invoke.DirectMethodHandle$Holder.invokeSpecial(java.lang.Object, java.lang.Object, java.lang.Object, java.lang.Object, java.lang.Object, java.lang.Object, java.lang.Object, java.lang.Object, java.lang.Object, java.lang.Object, java.lang.Object, java.lang.Object, java.lang.Object, java.lang.Object, java.lang.Object, java.lang.Object, java.lang.Object, java.lang.Object, java.lang.Object)'> (0x0000000089219c48) 
thrown
Event: 15.960 Thread 0x000001f81bf845b0 Exception <a 'java/lang/NoSuchMethodError'{0x000000008921fdb0}: 'java.lang.Object java.lang.invoke.DelegatingMethodHandle$Holder.reinvoke_L(java.lang.Object, java.lang.Object, java.lang.Object, java.lang.Object, java.lang.Object, java.lang.Object, java.lang.Object, java.lang.Object, java.lang.Object, java.lang.Object, java.lang.Object, java.lang.Object, java.lang.Object, java.lang.Object, java.lang.Object, java.lang.Object, java.lang.Object, java.lang.Object)'> (0x000000008921fdb0) 
thrown [s\open\src\hots
Event: 15.965 Thread 0x000001f81bf845b0 Exception <a 'java/lang/NoSuchMethodError'{0x00000000892b8500}: 'java.lang.Object java.lang.invoke.DirectMethodHandle$Holder.newInvokeSpecial(java.lang.Object, java.lang.Object, java.lang.Object, java.lang.Object, java.lang.Object, java.lang.Object, java.lang.Object, java.lang.Object, java.lang.Object, java.lang.Object, java.lang.Object, java.lang.Object, java.lang.Object, java.lang.Object, java.lang.Object, java.lang.Object, java.lang.Object, java.lang.Object, java.lang.Object, java.lang.Object, java.lang
Event: 15.983 Thread 0x000001f81bf845b0 Exception <a 'java/lang/NoSuchMethodError'{0x0000000089018520}: 'java.lang.Object java.lang.invoke.DirectMethodHandle$Holder.newInvokeSpecial(java.lang.Object, java.lang.Object, java.lang.Object, java.lang.Object, java.lang.Object, java.lang.Object, java.lang.Object, java.lang.Object, java.lang.Object, java.lang.Object, java.lang.Object, java.lang.Object, java.lang.Object)'> (0x0000000089018520) 
thrown [s\open\src\hotspot\share\interpreter\linkResolver.cpp, line 773]
Event: 16.313 Thread 0x000001f81bf845b0 Exception <a 'java/lang/NoSuchMethodError'{0x0000000085c05a90}: 'java.lang.Object java.lang.invoke.DirectMethodHandle$Holder.newInvokeSpecial(java.lang.Object, java.lang.Object, int)'> (0x0000000085c05a90) 
thrown [s\open\src\hotspot\share\interpreter\linkResolver.cpp, line 773]
Event: 16.435 Thread 0x000001f81bf845b0 Exception <a 'java/lang/NoSuchMethodError'{0x00000000894f2e90}: 'java.lang.Object java.lang.invoke.DirectMethodHandle$Holder.newInvokeSpecial(java.lang.Object, java.lang.Object, java.lang.Object, java.lang.Object, int)'> (0x00000000894f2e90) 
thrown [s\open\src\hotspot\share\interpreter\linkResolver.cpp, line 773]
Event: 16.436 Thread 0x000001f81bf845b0 Exception <a 'java/lang/NoSuchMethodError'{0x00000000894f8bd8}: 'java.lang.Object java.lang.invoke.DirectMethodHandle$Holder.invokeSpecial(java.lang.Object, java.lang.Object, java.lang.Object, java.lang.Object, java.lang.Object, int)'> (0x00000000894f8bd8) 
thrown [s\open\src\hotspot\share\interpreter\linkResolver.cpp, line 773]
Event: 16.436 Thread 0x000001f81bf845b0 Exception <a 'java/lang/NoSuchMethodError'{0x00000000894fe2e8}: 'java.lang.Object java.lang.invoke.Invokers$Holder.linkToTargetMethod(java.lang.Object, java.lang.Object, java.lang.Object, int, java.lang.Object)'> (0x00000000894fe2e8) 
thrown [s\open\src\hotspot\share\interpreter\linkResolver.cpp, line 773]

VM Operations (20 events):
Event: 15.881 Executing VM operation: G1CollectForAllocation
Event: 15.885 Executing VM operation: G1CollectForAllocation done
Event: 16.060 Executing VM operation: HandshakeAllThreads
Event: 16.060 Executing VM operation: HandshakeAllThreads done
Event: 16.095 Executing VM operation: HandshakeAllThreads
Event: 16.095 Executing VM operation: HandshakeAllThreads done
Event: 16.151 Executing VM operation: HandshakeAllThreads
Event: 16.152 Executing VM operation: HandshakeAllThreads done
Event: 16.388 Executing VM operation: G1CollectForAllocation
Event: 16.394 Executing VM operation: G1CollectForAllocation done
Event: 16.477 Executing VM operation: HandshakeAllThreads
Event: 16.477 Executing VM operation: HandshakeAllThreads done
Event: 16.573 Executing VM operation: G1TryInitiateConcMark
Event: 16.577 Executing VM operation: G1TryInitiateConcMark done
Event: 16.648 Executing VM operation: G1PauseRemark
Event: 16.651 Executing VM operation: G1PauseRemark done
Event: 16.679 Executing VM operation: G1PauseCleanup
Event: 16.679 Executing VM operation: G1PauseCleanup done
Event: 16.946 Executing VM operation: G1CollectForAllocation
Event: 16.950 Executing VM operation: G1CollectForAllocation done

Events (20 events):
Event: 16.651 Thread 0x000001f87ae13120 flushing nmethod 0x000001f86e03a210
Event: 16.651 Thread 0x000001f87ae13120 flushing nmethod 0x000001f86e044590
Event: 16.651 Thread 0x000001f87ae13120 flushing nmethod 0x000001f86e043b90
Event: 16.651 Thread 0x000001f87ae13120 flushing nmethod 0x000001f86e032c90
Event: 16.651 Thread 0x000001f87ae13120 flushing nmethod 0x000001f86e032090
Event: 16.651 Thread 0x000001f87ae13120 flushing nmethod 0x000001f86df91b10
Event: 16.651 Thread 0x000001f87ae13120 flushing nmethod 0x000001f86df91610
Event: 16.651 Thread 0x000001f87ae13120 flushing nmethod 0x000001f86dffbf90
Event: 16.651 Thread 0x000001f87ae13120 flushing nmethod 0x000001f86dff4310
Event: 16.651 Thread 0x000001f87ae13120 flushing nmethod 0x000001f86dff2e90
Event: 16.651 Thread 0x000001f87ae13120 flushing nmethod 0x000001f86dfdca10
Event: 16.651 Thread 0x000001f87ae13120 flushing nmethod 0x000001f86dfcd890
Event: 16.651 Thread 0x000001f87ae13120 flushing nmethod 0x000001f86dfcd090
Event: 16.651 Thread 0x000001f87ae13120 flushing nmethod 0x000001f86dfc3410
Event: 16.651 Thread 0x000001f87ae13120 flushing nmethod 0x000001f86dfd5e10
Event: 16.651 Thread 0x000001f87ae13120 flushing nmethod 0x000001f86dfcc810
Event: 16.651 Thread 0x000001f87ae13120 flushing nmethod 0x000001f86dfa8010
Event: 16.651 Thread 0x000001f87ae13120 flushing nmethod 0x000001f86df9e210
Event: 16.651 Thread 0x000001f87ae13120 flushing nmethod 0x000001f86dfaae10
Event: 16.651 Thread 0x000001f87ae13120 flushing nmethod 0x000001f86df69d10


Dynamic libraries:
0x00007ff7cdb90000 - 0x00007ff7cdb9e000 	C:\Program Files\OpenJDK\jdk-20.0.2\bin\java.exe
0x00007ffe1ee70000 - 0x00007ffe1f068000 	C:\Windows\SYSTEM32\ntdll.dll
0x00007ffe1df10000 - 0x00007ffe1dfd1000 	C:\Windows\System32\KERNEL32.DLL
0x00007ffe1c8b0000 - 0x00007ffe1cbad000 	C:\Windows\System32\KERNELBASE.dll
0x00007ffe1c7b0000 - 0x00007ffe1c8b0000 	C:\Windows\System32\ucrtbase.dll
0x00007ffe143b0000 - 0x00007ffe143cb000 	C:\Program Files\OpenJDK\jdk-20.0.2\bin\VCRUNTIME140.dll
0x00007ffe143d0000 - 0x00007ffe143e7000 	C:\Program Files\OpenJDK\jdk-20.0.2\bin\jli.dll
0x00007ffe1d100000 - 0x00007ffe1d29d000 	C:\Windows\System32\USER32.dll
0x00007ffe0b0d0000 - 0x00007ffe0b36a000 	C:\Windows\WinSxS\amd64_microsoft.windows.common-controls_6595b64144ccf1df_6.0.19041.4355_none_60b8b9eb71f62e16\COMCTL32.dll
0x00007ffe1cdf0000 - 0x00007ffe1ce12000 	C:\Windows\System32\win32u.dll
0x00007ffe1d300000 - 0x00007ffe1d39e000 	C:\Windows\System32\msvcrt.dll
0x00007ffe1e120000 - 0x00007ffe1e14b000 	C:\Windows\System32\GDI32.dll
0x00007ffe1cbb0000 - 0x00007ffe1ccc7000 	C:\Windows\System32\gdi32full.dll
0x00007ffe1c520000 - 0x00007ffe1c5bd000 	C:\Windows\System32\msvcp_win.dll
0x00007ffe1e1b0000 - 0x00007ffe1e1df000 	C:\Windows\System32\IMM32.DLL
0x00007ffe08bf0000 - 0x00007ffe08bfc000 	C:\Program Files\OpenJDK\jdk-20.0.2\bin\vcruntime140_1.dll
0x00007ffdfc880000 - 0x00007ffdfc90e000 	C:\Program Files\OpenJDK\jdk-20.0.2\bin\msvcp140.dll
0x00007ffda54e0000 - 0x00007ffda6178000 	C:\Program Files\OpenJDK\jdk-20.0.2\bin\server\jvm.dll
0x00007ffe1ebe0000 - 0x00007ffe1ec90000 	C:\Windows\System32\ADVAPI32.dll
0x00007ffe1eca0000 - 0x00007ffe1ed40000 	C:\Windows\System32\sechost.dll
0x00007ffe1dfe0000 - 0x00007ffe1e103000 	C:\Windows\System32\RPCRT4.dll
0x00007ffe1ce70000 - 0x00007ffe1ce97000 	C:\Windows\System32\bcrypt.dll
0x00007ffe15b10000 - 0x00007ffe15b37000 	C:\Windows\SYSTEM32\WINMM.dll
0x00007ffe07890000 - 0x00007ffe07899000 	C:\Windows\SYSTEM32\WSOCK32.dll
0x00007ffe0e160000 - 0x00007ffe0e16a000 	C:\Windows\SYSTEM32\VERSION.dll
0x00007ffe1d3a0000 - 0x00007ffe1d40b000 	C:\Windows\System32\WS2_32.dll
0x00007ffe1a3c0000 - 0x00007ffe1a3d2000 	C:\Windows\SYSTEM32\kernel.appcore.dll
0x00007ffe03770000 - 0x00007ffe0377a000 	C:\Program Files\OpenJDK\jdk-20.0.2\bin\jimage.dll
0x00007ffe06db0000 - 0x00007ffe06f94000 	C:\Windows\SYSTEM32\DBGHELP.DLL
0x00007ffe06d70000 - 0x00007ffe06da4000 	C:\Windows\SYSTEM32\dbgcore.DLL
0x00007ffe1c5c0000 - 0x00007ffe1c642000 	C:\Windows\System32\bcryptPrimitives.dll
0x00007ffe03760000 - 0x00007ffe0376e000 	C:\Program Files\OpenJDK\jdk-20.0.2\bin\instrument.dll
0x00007ffdffe50000 - 0x00007ffdffe76000 	C:\Program Files\OpenJDK\jdk-20.0.2\bin\java.dll
0x00007ffdf6580000 - 0x00007ffdf6657000 	C:\Program Files\OpenJDK\jdk-20.0.2\bin\jsvml.dll
0x00007ffe1e2c0000 - 0x00007ffe1ea2f000 	C:\Windows\System32\SHELL32.dll
0x00007ffe1a5c0000 - 0x00007ffe1ad5f000 	C:\Windows\SYSTEM32\windows.storage.dll
0x00007ffe1d540000 - 0x00007ffe1d893000 	C:\Windows\System32\combase.dll
0x00007ffe1be70000 - 0x00007ffe1be9e000 	C:\Windows\SYSTEM32\Wldp.dll
0x00007ffe1dd10000 - 0x00007ffe1dddd000 	C:\Windows\System32\OLEAUT32.dll
0x00007ffe1d050000 - 0x00007ffe1d0fd000 	C:\Windows\System32\SHCORE.dll
0x00007ffe1d2a0000 - 0x00007ffe1d2f5000 	C:\Windows\System32\shlwapi.dll
0x00007ffe1c450000 - 0x00007ffe1c474000 	C:\Windows\SYSTEM32\profapi.dll
0x00007ffdffe30000 - 0x00007ffdffe48000 	C:\Program Files\OpenJDK\jdk-20.0.2\bin\zip.dll
0x00007ffdfe870000 - 0x00007ffdfe883000 	C:\Program Files\OpenJDK\jdk-20.0.2\bin\net.dll
0x00007ffe162f0000 - 0x00007ffe163fd000 	C:\Windows\SYSTEM32\WINHTTP.dll
0x00007ffe1bbd0000 - 0x00007ffe1bc3a000 	C:\Windows\system32\mswsock.dll
0x00007ffdfe850000 - 0x00007ffdfe866000 	C:\Program Files\OpenJDK\jdk-20.0.2\bin\nio.dll
0x00007ffdfc870000 - 0x00007ffdfc880000 	C:\Program Files\OpenJDK\jdk-20.0.2\bin\verify.dll
0x00007ffe094e0000 - 0x00007ffe09507000 	C:\Users\Hamza tabani\.gradle\native\68d5fa5c4cc2d200863cafc0d521ce42e7d3e7ee720ec0a83991735586a16f82\windows-amd64\native-platform.dll
0x00007ffdd27b0000 - 0x00007ffdd28f4000 	C:\Users\Hamza tabani\.gradle\native\e376f236ea51e6404a007f0833ffe2c6e607c4080706a723a18a27aeea778392\windows-amd64\native-platform-file-events.dll
0x00007ffdfc860000 - 0x00007ffdfc86a000 	C:\Program Files\OpenJDK\jdk-20.0.2\bin\management.dll
0x00007ffdfc850000 - 0x00007ffdfc85b000 	C:\Program Files\OpenJDK\jdk-20.0.2\bin\management_ext.dll
0x00007ffe1ec90000 - 0x00007ffe1ec98000 	C:\Windows\System32\PSAPI.DLL
0x00007ffe1bdd0000 - 0x00007ffe1bde8000 	C:\Windows\SYSTEM32\CRYPTSP.dll
0x00007ffe1b4f0000 - 0x00007ffe1b524000 	C:\Windows\system32\rsaenh.dll
0x00007ffe1c400000 - 0x00007ffe1c42e000 	C:\Windows\SYSTEM32\USERENV.dll
0x00007ffe1bdc0000 - 0x00007ffe1bdcc000 	C:\Windows\SYSTEM32\CRYPTBASE.dll
0x00007ffe1b8b0000 - 0x00007ffe1b8eb000 	C:\Windows\SYSTEM32\IPHLPAPI.DLL
0x00007ffe1ee20000 - 0x00007ffe1ee28000 	C:\Windows\System32\NSI.dll
0x00007ffe17320000 - 0x00007ffe17337000 	C:\Windows\SYSTEM32\dhcpcsvc6.DLL
0x00007ffe17300000 - 0x00007ffe1731d000 	C:\Windows\SYSTEM32\dhcpcsvc.DLL
0x00007ffe1b8f0000 - 0x00007ffe1b9ba000 	C:\Windows\SYSTEM32\DNSAPI.dll
0x00007ffdfc840000 - 0x00007ffdfc847000 	C:\Program Files\OpenJDK\jdk-20.0.2\bin\extnet.dll
0x00007ffdfc830000 - 0x00007ffdfc83e000 	C:\Program Files\OpenJDK\jdk-20.0.2\bin\sunmscapi.dll
0x00007ffe1c650000 - 0x00007ffe1c7ae000 	C:\Windows\System32\CRYPT32.dll
0x00007ffe1bee0000 - 0x00007ffe1bf09000 	C:\Windows\SYSTEM32\ncrypt.dll
0x00007ffe1bea0000 - 0x00007ffe1bedb000 	C:\Windows\SYSTEM32\NTASN1.dll
0x00007ffe010d0000 - 0x00007ffe010d7000 	C:\Windows\system32\wshunix.dll

dbghelp: loaded successfully - version: 4.0.5 - missing functions: none
symbol engine: initialized successfully - sym options: 0x614 - pdb path: .;C:\Program Files\OpenJDK\jdk-20.0.2\bin;C:\Windows\SYSTEM32;C:\Windows\WinSxS\amd64_microsoft.windows.common-controls_6595b64144ccf1df_6.0.19041.4355_none_60b8b9eb71f62e16;C:\Program Files\OpenJDK\jdk-20.0.2\bin\server;C:\Users\Hamza tabani\.gradle\native\68d5fa5c4cc2d200863cafc0d521ce42e7d3e7ee720ec0a83991735586a16f82\windows-amd64;C:\Users\Hamza tabani\.gradle\native\e376f236ea51e6404a007f0833ffe2c6e607c4080706a723a18a27aeea778392\windows-amd64

VM Arguments:
jvm_args: -XX:MaxMetaspaceSize=512m --add-opens=java.base/java.util=ALL-UNNAMED --add-opens=java.base/java.lang=ALL-UNNAMED --add-opens=java.base/java.lang.invoke=ALL-UNNAMED --add-opens=java.prefs/java.util.prefs=ALL-UNNAMED --add-opens=java.base/java.nio.charset=ALL-UNNAMED --add-opens=java.base/java.net=ALL-UNNAMED --add-opens=java.base/java.util.concurrent.atomic=ALL-UNNAMED -Xmx2048m -Dfile.encoding=UTF-8 -Duser.country=GB -Duser.language=en -Duser.variant -javaagent:C:\Users\Hamza tabani\.gradle\wrapper\dists\gradle-8.3-all\6en3ugtfdg5xnpx44z4qbwgas\gradle-8.3\lib\agents\gradle-instrumentation-agent-8.3.jar 
java_command: org.gradle.launcher.daemon.bootstrap.GradleDaemon 8.3
java_class_path (initial): C:\Users\Hamza tabani\.gradle\wrapper\dists\gradle-8.3-all\6en3ugtfdg5xnpx44z4qbwgas\gradle-8.3\lib\gradle-launcher-8.3.jar
Launcher Type: SUN_STANDARD

[Global flags]
     intx CICompilerCount                          = 4                                         {product} {ergonomic}
   size_t CompressedClassSpaceSize                 = 432013312                                 {product} {ergonomic}
     uint ConcGCThreads                            = 2                                         {product} {ergonomic}
     uint G1ConcRefinementThreads                  = 8                                         {product} {ergonomic}
   size_t G1HeapRegionSize                         = 1048576                                   {product} {ergonomic}
    uintx GCDrainStackTargetSize                   = 64                                        {product} {ergonomic}
   size_t InitialHeapSize                          = 266338304                                 {product} {ergonomic}
   size_t MarkStackSize                            = 4194304                                   {product} {ergonomic}
   size_t MaxHeapSize                              = 2147483648                                {product} {command line}
   size_t MaxMetaspaceSize                         = 536870912                                 {product} {command line}
   size_t MaxNewSize                               = 1287651328                                {product} {ergonomic}
   size_t MinHeapDeltaBytes                        = 1048576                                   {product} {ergonomic}
   size_t MinHeapSize                              = 8388608                                   {product} {ergonomic}
    uintx NonNMethodCodeHeapSize                   = 5839372                                {pd product} {ergonomic}
    uintx NonProfiledCodeHeapSize                  = 122909434                              {pd product} {ergonomic}
    uintx ProfiledCodeHeapSize                     = 122909434                              {pd product} {ergonomic}
    uintx ReservedCodeCacheSize                    = 251658240                              {pd product} {ergonomic}
     bool SegmentedCodeCache                       = true                                      {product} {ergonomic}
   size_t SoftMaxHeapSize                          = 2147483648                             {manageable} {ergonomic}
     bool UseCompressedClassPointers               = true                           {product lp64_product} {ergonomic}
     bool UseCompressedOops                        = true                           {product lp64_product} {ergonomic}
     bool UseG1GC                                  = true                                      {product} {ergonomic}
     bool UseLargePagesIndividualAllocation        = false                                  {pd product} {ergonomic}

Logging:
Log output configuration:
 #0: stdout all=warning uptime,level,tags foldmultilines=false
 #1: stderr all=off uptime,level,tags foldmultilines=false

Environment Variables:
JAVA_HOME=C:\Program Files\OpenJDK\jdk-20.0.2
CLASSPATH=D:\Muhammad Hamza Tabani\Apps\ITCGOLF\android\\gradle\wrapper\gradle-wrapper.jar
PATH=C:\Windows\system32;C:\Windows;C:\Windows\System32\Wbem;C:\Windows\System32\WindowsPowerShell\v1.0\;C:\Windows\System32\OpenSSH\;C:\ProgramData\chocolatey\bin;C:\Program Files\nodejs\;C:\Users\Hamza tabani\AppData\Local\Android\Sdk\platform-tools;;C:\Program Files\OpenJDK\jdk-20.0.2\bin;C:\Users\Hamza tabani\AppData\Local\Microsoft\WindowsApps;C:\Users\Hamza tabani\AppData\Local\Programs\Microsoft VS Code\bin;C:\Users\Hamza tabani\AppData\Local\Programs\Git\cmd;C:\Users\Hamza tabani\AppData\Roaming\npm
USERNAME=Hamza tabani
LANG=en_US.UTF-8
OS=Windows_NT
PROCESSOR_IDENTIFIER=Intel64 Family 6 Model 60 Stepping 3, GenuineIntel
TMP=C:\Users\HAMZAT~1\AppData\Local\Temp
TEMP=C:\Users\HAMZAT~1\AppData\Local\Temp




---------------  S Y S T E M  ---------------

OS:
 Windows 10 , 64 bit Build 19041 (10.0.19041.4717)
OS uptime: 5 days 0:33 hours

CPU: total 8 (initial active 8) (4 cores per cpu, 2 threads per core) family 6 model 60 stepping 3 microcode 0x27, cx8, cmov, fxsr, ht, mmx, sse, sse2, sse3, ssse3, sse4.1, sse4.2, popcnt, lzcnt, tsc, tscinvbit, avx, avx2, erms, clmul, bmi1, bmi2, fma, vzeroupper, clflush, rdtscp, f16c

Memory: 4k page, system-wide physical 16255M (2133M free)
TotalPageFile size 22355M (AvailPageFile size 2973M)
current process WorkingSet (physical memory assigned to process): 387M, peak: 389M
current process commit charge ("private bytes"): 425M, peak: 439M

vm_info: OpenJDK 64-Bit Server VM (20.0.2+9-78) for windows-amd64 JRE (20.0.2+9-78), built on 2023-06-14T10:08:48Z by "mach5one" with MS VC++ 17.1 (VS2022)

END.
